#
# There is insufficient memory for the Java Runtime Environment to continue.
# Native memory allocation (mmap) failed to map 54525952 bytes for Failed to commit area from 0x0000000711e00000 to 0x0000000715200000 of length 54525952.
# Possible reasons:
#   The system is out of physical RAM or swap space
#   The process is running with CompressedOops enabled, and the Java Heap may be blocking the growth of the native heap
# Possible solutions:
#   Reduce memory load on the system
#   Increase physical memory or swap space
#   Check if swap backing store is full
#   Decrease Java heap size (-Xmx/-Xms)
#   Decrease number of Java threads
#   Decrease Java thread stack sizes (-Xss)
#   Set larger code cache with -XX:ReservedCodeCacheSize=
#   JVM is running with Zero Based Compressed Oops mode in which the Java heap is
#     placed in the first 32GB address space. The Java Heap base address is the
#     maximum limit for the native heap growth. Please use -XX:HeapBaseMinAddress
#     to set the Java Heap base and to place the Java Heap above 32GB virtual address.
# This output file may be truncated or incomplete.
#
#  Out of Memory Error (./src/hotspot/os/windows/os_windows.cpp:3386), pid=13540, tid=9260
#
# JRE version: OpenJDK Runtime Environment Corretto-11.0.18.10.1 (11.0.18+10) (build 11.0.18+10-LTS)
# Java VM: OpenJDK 64-Bit Server VM Corretto-11.0.18.10.1 (11.0.18+10-LTS, mixed mode, tiered, compressed oops, g1 gc, windows-amd64)
# No core dump will be written. Minidumps are not enabled by default on client versions of Windows
#

---------------  S U M M A R Y ------------

Command Line: C:\Users\Jaime\AppData\Local\Temp\surefire11122472726271837861\surefirebooter7861961180057207810.jar C:\Users\Jaime\AppData\Local\Temp\surefire11122472726271837861 2023-03-11T15-01-40_225-jvmRun1 surefire6784641194934491989tmp surefire_02723458719025205489tmp

Host: Intel(R) Core(TM) i7-8750H CPU @ 2.20GHz, 12 cores, 15G,  Windows 10 , 64 bit Build 19041 (10.0.19041.2546)
Time: Sat Mar 11 15:01:47 2023 Hora estándar romance elapsed time: 6.729141 seconds (0d 0h 0m 6s)

---------------  T H R E A D  ---------------

Current thread (0x000001b3d6be7800):  VMThread "VM Thread" [stack: 0x0000005c47400000,0x0000005c47500000] [id=9260]

Stack: [0x0000005c47400000,0x0000005c47500000]
[error occurred during error reporting (printing stack bounds), id 0xc0000005, EXCEPTION_ACCESS_VIOLATION (0xc0000005) at pc=0x000001b3bb1d112d]

Native frames: (J=compiled Java code, j=interpreted, Vv=VM code, C=native code)
V  [jvm.dll+0x622d9a]
V  [jvm.dll+0x7b0289]
V  [jvm.dll+0x7b1978]
V  [jvm.dll+0x7b1fb5]
V  [jvm.dll+0x7b1f6b]
V  [jvm.dll+0x622127]
V  [jvm.dll+0x622838]
C  [ntdll.dll+0xa241f]
C  [ntdll.dll+0x514a4]
C  [ntdll.dll+0xa0f4e]
C  0x000001b3bb1d112d

VM_Operation (0x0000005c46ef8ae0): CollectForMetadataAllocation, mode: safepoint, requested by thread 0x000001b3b2a54800


---------------  P R O C E S S  ---------------

Threads class SMR info:
_java_thread_list=0x000001b3dc47e890, length=16, elements={
0x000001b3b2a54800, 0x000001b3d6bf9000, 0x000001b3d6bf0800, 0x000001b3d74fb000,
0x000001b3d74fc800, 0x000001b3d74fd800, 0x000001b3d74a9800, 0x000001b3d74ad000,
0x000001b3d74b2000, 0x000001b3d767a800, 0x000001b3d7764000, 0x000001b3d7ab6800,
0x000001b3d77fa800, 0x000001b3dc009000, 0x000001b3da43c800, 0x000001b3dc122000
}

Java Threads: ( => current thread )
  0x000001b3b2a54800 JavaThread "main" [_thread_blocked, id=21912, stack(0x0000005c46e00000,0x0000005c46f00000)]
  0x000001b3d6bf9000 JavaThread "Reference Handler" daemon [_thread_blocked, id=9444, stack(0x0000005c47500000,0x0000005c47600000)]
  0x000001b3d6bf0800 JavaThread "Finalizer" daemon [_thread_blocked, id=19896, stack(0x0000005c47600000,0x0000005c47700000)]
  0x000001b3d74fb000 JavaThread "Signal Dispatcher" daemon [_thread_blocked, id=19256, stack(0x0000005c47700000,0x0000005c47800000)]
  0x000001b3d74fc800 JavaThread "Attach Listener" daemon [_thread_blocked, id=10312, stack(0x0000005c47800000,0x0000005c47900000)]
  0x000001b3d74fd800 JavaThread "Service Thread" daemon [_thread_blocked, id=9960, stack(0x0000005c47900000,0x0000005c47a00000)]
  0x000001b3d74a9800 JavaThread "C2 CompilerThread0" daemon [_thread_blocked, id=25496, stack(0x0000005c47a00000,0x0000005c47b00000)]
  0x000001b3d74ad000 JavaThread "C1 CompilerThread0" daemon [_thread_blocked, id=23156, stack(0x0000005c47b00000,0x0000005c47c00000)]
  0x000001b3d74b2000 JavaThread "Sweeper thread" daemon [_thread_blocked, id=25524, stack(0x0000005c47c00000,0x0000005c47d00000)]
  0x000001b3d767a800 JavaThread "Common-Cleaner" daemon [_thread_blocked, id=14744, stack(0x0000005c47e00000,0x0000005c47f00000)]
  0x000001b3d7764000 JavaThread "surefire-forkedjvm-command-thread" daemon [_thread_in_native, id=14748, stack(0x0000005c47f00000,0x0000005c48000000)]
  0x000001b3d7ab6800 JavaThread "surefire-forkedjvm-ping-30s" daemon [_thread_blocked, id=14508, stack(0x0000005c48000000,0x0000005c48100000)]
  0x000001b3d77fa800 JavaThread "C2 CompilerThread1" daemon [_thread_blocked, id=13672, stack(0x0000005c48100000,0x0000005c48200000)]
  0x000001b3dc009000 JavaThread "mysql-cj-abandoned-connection-cleanup" daemon [_thread_blocked, id=11492, stack(0x0000005c48900000,0x0000005c48a00000)]
  0x000001b3da43c800 JavaThread "HikariPool-1 housekeeper" daemon [_thread_blocked, id=22000, stack(0x0000005c48b00000,0x0000005c48c00000)]
  0x000001b3dc122000 JavaThread "HikariPool-1 connection adder" daemon [_thread_blocked, id=25852, stack(0x0000005c48c00000,0x0000005c48d00000)]

Other Threads:
=>0x000001b3d6be7800 VMThread "VM Thread" [stack: 0x0000005c47400000,0x0000005c47500000] [id=9260]
  0x000001b3d7676000 WatcherThread [stack: 0x0000005c47d00000,0x0000005c47e00000] [id=19076]
  0x000001b3b2a69000 GCTaskThread "GC Thread#0" [stack: 0x0000005c46f00000,0x0000005c47000000] [id=24460]
  0x000001b3d83b3000 GCTaskThread "GC Thread#1" [stack: 0x0000005c48200000,0x0000005c48300000] [id=4420]
  0x000001b3d8fd6000 GCTaskThread "GC Thread#2" [stack: 0x0000005c48300000,0x0000005c48400000] [id=11152]
  0x000001b3d978f800 GCTaskThread "GC Thread#3" [stack: 0x0000005c48400000,0x0000005c48500000] [id=16264]
  0x000001b3d978e800 GCTaskThread "GC Thread#4" [stack: 0x0000005c48500000,0x0000005c48600000] [id=23876]
  0x000001b3d978c000 GCTaskThread "GC Thread#5" [stack: 0x0000005c48600000,0x0000005c48700000] [id=5604]
  0x000001b3b2ac8000 ConcurrentGCThread "G1 Main Marker" [stack: 0x0000005c47000000,0x0000005c47100000] [id=3044]
  0x000001b3b2aca800 ConcurrentGCThread "G1 Conc#0" [stack: 0x0000005c47100000,0x0000005c47200000] [id=22036]
  0x000001b3d978d800 ConcurrentGCThread "G1 Conc#1" [stack: 0x0000005c48700000,0x0000005c48800000] [id=21004]
  0x000001b3d9791000 ConcurrentGCThread "G1 Conc#2" [stack: 0x0000005c48800000,0x0000005c48900000] [id=7192]
  0x000001b3d6ac2000 ConcurrentGCThread "G1 Refine#0" [stack: 0x0000005c47200000,0x0000005c47300000] [id=14168]
  0x000001b3d6ac3000 ConcurrentGCThread "G1 Young RemSet Sampling" [stack: 0x0000005c47300000,0x0000005c47400000] [id=4476]

Threads with active compile tasks:

VM state:at safepoint (normal execution)

VM Mutex/Monitor currently owned by a thread:  ([mutex/lock_event])
[0x000001b3b2a529a0] Threads_lock - owner thread: 0x000001b3d6be7800
[0x000001b3b2a53ba0] Heap_lock - owner thread: 0x000001b3b2a54800

Heap address: 0x0000000701e00000, size: 4066 MB, Compressed Oops mode: Zero based, Oop shift amount: 3
Narrow klass base: 0x0000000800000000, Narrow klass shift: 0
Compressed class space size: 1073741824 Address: 0x0000000800000000

Heap:
 garbage-first heap   total 315392K, used 22536K [0x0000000701e00000, 0x0000000800000000)
  region size 1024K, 15 young (15360K), 15 survivors (15360K)
 Metaspace       used 58568K, capacity 60025K, committed 60080K, reserved 1101824K
  class space    used 7316K, capacity 7922K, committed 7936K, reserved 1048576K
Heap Regions: E=young(eden), S=young(survivor), O=old, HS=humongous(starts), HC=humongous(continues), CS=collection set, F=free, A=archive, TAMS=top-at-mark-start (previous, next)
|   0|0x0000000701e00000, 0x0000000701f00000, 0x0000000701f00000|100%|HS|  |TAMS 0x0000000701f00000, 0x0000000701f00000| Complete 
|   1|0x0000000701f00000, 0x0000000702000000, 0x0000000702000000|100%| O|  |TAMS 0x0000000702000000, 0x0000000702000000| Untracked 
|   2|0x0000000702000000, 0x0000000702100000, 0x0000000702100000|100%| O|  |TAMS 0x0000000702100000, 0x0000000702100000| Untracked 
|   3|0x0000000702100000, 0x0000000702200000, 0x0000000702200000|100%| O|  |TAMS 0x0000000702200000, 0x0000000702200000| Untracked 
|   4|0x0000000702200000, 0x0000000702300000, 0x0000000702300000|100%| O|  |TAMS 0x0000000702300000, 0x0000000702300000| Untracked 
|   5|0x0000000702300000, 0x0000000702400000, 0x0000000702400000|100%| O|  |TAMS 0x0000000702400000, 0x0000000702400000| Untracked 
|   6|0x0000000702400000, 0x0000000702500000, 0x0000000702500000|100%| O|  |TAMS 0x0000000702500000, 0x0000000702500000| Untracked 
|   7|0x0000000702500000, 0x00000007025a3e00, 0x0000000702600000| 64%| O|  |TAMS 0x00000007025a3e00, 0x00000007025a3e00| Untracked 
|   8|0x0000000702600000, 0x0000000702600000, 0x0000000702700000|  0%| F|  |TAMS 0x0000000702600000, 0x0000000702600000| Untracked 
|   9|0x0000000702700000, 0x0000000702700000, 0x0000000702800000|  0%| F|  |TAMS 0x0000000702700000, 0x0000000702700000| Untracked 
|  10|0x0000000702800000, 0x0000000702800000, 0x0000000702900000|  0%| F|  |TAMS 0x0000000702800000, 0x0000000702800000| Untracked 
|  11|0x0000000702900000, 0x0000000702900000, 0x0000000702a00000|  0%| F|  |TAMS 0x0000000702900000, 0x0000000702900000| Untracked 
|  12|0x0000000702a00000, 0x0000000702a00000, 0x0000000702b00000|  0%| F|  |TAMS 0x0000000702a00000, 0x0000000702a00000| Untracked 
|  13|0x0000000702b00000, 0x0000000702b00000, 0x0000000702c00000|  0%| F|  |TAMS 0x0000000702b00000, 0x0000000702b00000| Untracked 
|  14|0x0000000702c00000, 0x0000000702c00000, 0x0000000702d00000|  0%| F|  |TAMS 0x0000000702c00000, 0x0000000702c00000| Untracked 
|  15|0x0000000702d00000, 0x0000000702d00000, 0x0000000702e00000|  0%| F|  |TAMS 0x0000000702d00000, 0x0000000702d00000| Untracked 
|  16|0x0000000702e00000, 0x0000000702e00000, 0x0000000702f00000|  0%| F|  |TAMS 0x0000000702e00000, 0x0000000702e00000| Untracked 
|  17|0x0000000702f00000, 0x0000000702f00000, 0x0000000703000000|  0%| F|  |TAMS 0x0000000702f00000, 0x0000000702f00000| Untracked 
|  18|0x0000000703000000, 0x0000000703000000, 0x0000000703100000|  0%| F|  |TAMS 0x0000000703000000, 0x0000000703000000| Untracked 
|  19|0x0000000703100000, 0x0000000703100000, 0x0000000703200000|  0%| F|  |TAMS 0x0000000703100000, 0x0000000703100000| Untracked 
|  20|0x0000000703200000, 0x0000000703200000, 0x0000000703300000|  0%| F|  |TAMS 0x0000000703200000, 0x0000000703200000| Untracked 
|  21|0x0000000703300000, 0x0000000703300000, 0x0000000703400000|  0%| F|  |TAMS 0x0000000703300000, 0x0000000703300000| Untracked 
|  22|0x0000000703400000, 0x0000000703400000, 0x0000000703500000|  0%| F|  |TAMS 0x0000000703400000, 0x0000000703400000| Untracked 
|  23|0x0000000703500000, 0x0000000703500000, 0x0000000703600000|  0%| F|  |TAMS 0x0000000703500000, 0x0000000703500000| Untracked 
|  24|0x0000000703600000, 0x0000000703600000, 0x0000000703700000|  0%| F|  |TAMS 0x0000000703600000, 0x0000000703600000| Untracked 
|  25|0x0000000703700000, 0x0000000703700000, 0x0000000703800000|  0%| F|  |TAMS 0x0000000703700000, 0x0000000703700000| Untracked 
|  26|0x0000000703800000, 0x0000000703800000, 0x0000000703900000|  0%| F|  |TAMS 0x0000000703800000, 0x0000000703800000| Untracked 
|  27|0x0000000703900000, 0x0000000703900000, 0x0000000703a00000|  0%| F|  |TAMS 0x0000000703900000, 0x0000000703900000| Untracked 
|  28|0x0000000703a00000, 0x0000000703a00000, 0x0000000703b00000|  0%| F|  |TAMS 0x0000000703a00000, 0x0000000703a00000| Untracked 
|  29|0x0000000703b00000, 0x0000000703b00000, 0x0000000703c00000|  0%| F|  |TAMS 0x0000000703b00000, 0x0000000703b00000| Untracked 
|  30|0x0000000703c00000, 0x0000000703c00000, 0x0000000703d00000|  0%| F|  |TAMS 0x0000000703c00000, 0x0000000703c00000| Untracked 
|  31|0x0000000703d00000, 0x0000000703d00000, 0x0000000703e00000|  0%| F|  |TAMS 0x0000000703d00000, 0x0000000703d00000| Untracked 
|  32|0x0000000703e00000, 0x0000000703e00000, 0x0000000703f00000|  0%| F|  |TAMS 0x0000000703e00000, 0x0000000703e00000| Untracked 
|  33|0x0000000703f00000, 0x0000000703f00000, 0x0000000704000000|  0%| F|  |TAMS 0x0000000703f00000, 0x0000000703f00000| Untracked 
|  34|0x0000000704000000, 0x0000000704000000, 0x0000000704100000|  0%| F|  |TAMS 0x0000000704000000, 0x0000000704000000| Untracked 
|  35|0x0000000704100000, 0x0000000704100000, 0x0000000704200000|  0%| F|  |TAMS 0x0000000704100000, 0x0000000704100000| Untracked 
|  36|0x0000000704200000, 0x0000000704200000, 0x0000000704300000|  0%| F|  |TAMS 0x0000000704200000, 0x0000000704200000| Untracked 
|  37|0x0000000704300000, 0x0000000704300000, 0x0000000704400000|  0%| F|  |TAMS 0x0000000704300000, 0x0000000704300000| Untracked 
|  38|0x0000000704400000, 0x0000000704400000, 0x0000000704500000|  0%| F|  |TAMS 0x0000000704400000, 0x0000000704400000| Untracked 
|  39|0x0000000704500000, 0x0000000704500000, 0x0000000704600000|  0%| F|  |TAMS 0x0000000704500000, 0x0000000704500000| Untracked 
|  40|0x0000000704600000, 0x0000000704600000, 0x0000000704700000|  0%| F|  |TAMS 0x0000000704600000, 0x0000000704600000| Untracked 
|  41|0x0000000704700000, 0x0000000704700000, 0x0000000704800000|  0%| F|  |TAMS 0x0000000704700000, 0x0000000704700000| Untracked 
|  42|0x0000000704800000, 0x0000000704800000, 0x0000000704900000|  0%| F|  |TAMS 0x0000000704800000, 0x0000000704800000| Untracked 
|  43|0x0000000704900000, 0x0000000704900000, 0x0000000704a00000|  0%| F|  |TAMS 0x0000000704900000, 0x0000000704900000| Untracked 
|  44|0x0000000704a00000, 0x0000000704a00000, 0x0000000704b00000|  0%| F|  |TAMS 0x0000000704a00000, 0x0000000704a00000| Untracked 
|  45|0x0000000704b00000, 0x0000000704b00000, 0x0000000704c00000|  0%| F|  |TAMS 0x0000000704b00000, 0x0000000704b00000| Untracked 
|  46|0x0000000704c00000, 0x0000000704c00000, 0x0000000704d00000|  0%| F|  |TAMS 0x0000000704c00000, 0x0000000704c00000| Untracked 
|  47|0x0000000704d00000, 0x0000000704d00000, 0x0000000704e00000|  0%| F|  |TAMS 0x0000000704d00000, 0x0000000704d00000| Untracked 
|  48|0x0000000704e00000, 0x0000000704e00000, 0x0000000704f00000|  0%| F|  |TAMS 0x0000000704e00000, 0x0000000704e00000| Untracked 
|  49|0x0000000704f00000, 0x0000000704f00000, 0x0000000705000000|  0%| F|  |TAMS 0x0000000704f00000, 0x0000000704f00000| Untracked 
|  50|0x0000000705000000, 0x0000000705000000, 0x0000000705100000|  0%| F|  |TAMS 0x0000000705000000, 0x0000000705000000| Untracked 
|  51|0x0000000705100000, 0x0000000705100000, 0x0000000705200000|  0%| F|  |TAMS 0x0000000705100000, 0x0000000705100000| Untracked 
|  52|0x0000000705200000, 0x0000000705200000, 0x0000000705300000|  0%| F|  |TAMS 0x0000000705200000, 0x0000000705200000| Untracked 
|  53|0x0000000705300000, 0x0000000705300000, 0x0000000705400000|  0%| F|  |TAMS 0x0000000705300000, 0x0000000705300000| Untracked 
|  54|0x0000000705400000, 0x0000000705400000, 0x0000000705500000|  0%| F|  |TAMS 0x0000000705400000, 0x0000000705400000| Untracked 
|  55|0x0000000705500000, 0x0000000705500000, 0x0000000705600000|  0%| F|  |TAMS 0x0000000705500000, 0x0000000705500000| Untracked 
|  56|0x0000000705600000, 0x0000000705600000, 0x0000000705700000|  0%| F|  |TAMS 0x0000000705600000, 0x0000000705600000| Untracked 
|  57|0x0000000705700000, 0x0000000705700000, 0x0000000705800000|  0%| F|  |TAMS 0x0000000705700000, 0x0000000705700000| Untracked 
|  58|0x0000000705800000, 0x0000000705800000, 0x0000000705900000|  0%| F|  |TAMS 0x0000000705800000, 0x0000000705800000| Untracked 
|  59|0x0000000705900000, 0x0000000705900000, 0x0000000705a00000|  0%| F|  |TAMS 0x0000000705900000, 0x0000000705900000| Untracked 
|  60|0x0000000705a00000, 0x0000000705a00000, 0x0000000705b00000|  0%| F|  |TAMS 0x0000000705a00000, 0x0000000705a00000| Untracked 
|  61|0x0000000705b00000, 0x0000000705b00000, 0x0000000705c00000|  0%| F|  |TAMS 0x0000000705b00000, 0x0000000705b00000| Untracked 
|  62|0x0000000705c00000, 0x0000000705c00000, 0x0000000705d00000|  0%| F|  |TAMS 0x0000000705c00000, 0x0000000705c00000| Untracked 
|  63|0x0000000705d00000, 0x0000000705d00000, 0x0000000705e00000|  0%| F|  |TAMS 0x0000000705d00000, 0x0000000705d00000| Untracked 
|  64|0x0000000705e00000, 0x0000000705e00000, 0x0000000705f00000|  0%| F|  |TAMS 0x0000000705e00000, 0x0000000705e00000| Untracked 
|  65|0x0000000705f00000, 0x0000000705f00000, 0x0000000706000000|  0%| F|  |TAMS 0x0000000705f00000, 0x0000000705f00000| Untracked 
|  66|0x0000000706000000, 0x0000000706000000, 0x0000000706100000|  0%| F|  |TAMS 0x0000000706000000, 0x0000000706000000| Untracked 
|  67|0x0000000706100000, 0x0000000706100000, 0x0000000706200000|  0%| F|  |TAMS 0x0000000706100000, 0x0000000706100000| Untracked 
|  68|0x0000000706200000, 0x0000000706200000, 0x0000000706300000|  0%| F|  |TAMS 0x0000000706200000, 0x0000000706200000| Untracked 
|  69|0x0000000706300000, 0x0000000706300000, 0x0000000706400000|  0%| F|  |TAMS 0x0000000706300000, 0x0000000706300000| Untracked 
|  70|0x0000000706400000, 0x0000000706400000, 0x0000000706500000|  0%| F|  |TAMS 0x0000000706400000, 0x0000000706400000| Untracked 
|  71|0x0000000706500000, 0x0000000706500000, 0x0000000706600000|  0%| F|  |TAMS 0x0000000706500000, 0x0000000706500000| Untracked 
|  72|0x0000000706600000, 0x0000000706600000, 0x0000000706700000|  0%| F|  |TAMS 0x0000000706600000, 0x0000000706600000| Untracked 
|  73|0x0000000706700000, 0x0000000706700000, 0x0000000706800000|  0%| F|  |TAMS 0x0000000706700000, 0x0000000706700000| Untracked 
|  74|0x0000000706800000, 0x0000000706800000, 0x0000000706900000|  0%| F|  |TAMS 0x0000000706800000, 0x0000000706800000| Untracked 
|  75|0x0000000706900000, 0x0000000706900000, 0x0000000706a00000|  0%| F|  |TAMS 0x0000000706900000, 0x0000000706900000| Untracked 
|  76|0x0000000706a00000, 0x0000000706a00000, 0x0000000706b00000|  0%| F|  |TAMS 0x0000000706a00000, 0x0000000706a00000| Untracked 
|  77|0x0000000706b00000, 0x0000000706b00000, 0x0000000706c00000|  0%| F|  |TAMS 0x0000000706b00000, 0x0000000706b00000| Untracked 
|  78|0x0000000706c00000, 0x0000000706c00000, 0x0000000706d00000|  0%| F|  |TAMS 0x0000000706c00000, 0x0000000706c00000| Untracked 
|  79|0x0000000706d00000, 0x0000000706d00000, 0x0000000706e00000|  0%| F|  |TAMS 0x0000000706d00000, 0x0000000706d00000| Untracked 
|  80|0x0000000706e00000, 0x0000000706e00000, 0x0000000706f00000|  0%| F|  |TAMS 0x0000000706e00000, 0x0000000706e00000| Untracked 
|  81|0x0000000706f00000, 0x0000000706f00000, 0x0000000707000000|  0%| F|  |TAMS 0x0000000706f00000, 0x0000000706f00000| Untracked 
|  82|0x0000000707000000, 0x0000000707000000, 0x0000000707100000|  0%| F|  |TAMS 0x0000000707000000, 0x0000000707000000| Untracked 
|  83|0x0000000707100000, 0x0000000707100000, 0x0000000707200000|  0%| F|  |TAMS 0x0000000707100000, 0x0000000707100000| Untracked 
|  84|0x0000000707200000, 0x0000000707200000, 0x0000000707300000|  0%| F|  |TAMS 0x0000000707200000, 0x0000000707200000| Untracked 
|  85|0x0000000707300000, 0x0000000707300000, 0x0000000707400000|  0%| F|  |TAMS 0x0000000707300000, 0x0000000707300000| Untracked 
|  86|0x0000000707400000, 0x0000000707400000, 0x0000000707500000|  0%| F|  |TAMS 0x0000000707400000, 0x0000000707400000| Untracked 
|  87|0x0000000707500000, 0x0000000707500000, 0x0000000707600000|  0%| F|  |TAMS 0x0000000707500000, 0x0000000707500000| Untracked 
|  88|0x0000000707600000, 0x0000000707600000, 0x0000000707700000|  0%| F|  |TAMS 0x0000000707600000, 0x0000000707600000| Untracked 
|  89|0x0000000707700000, 0x0000000707700000, 0x0000000707800000|  0%| F|  |TAMS 0x0000000707700000, 0x0000000707700000| Untracked 
|  90|0x0000000707800000, 0x0000000707800000, 0x0000000707900000|  0%| F|  |TAMS 0x0000000707800000, 0x0000000707800000| Untracked 
|  91|0x0000000707900000, 0x0000000707900000, 0x0000000707a00000|  0%| F|  |TAMS 0x0000000707900000, 0x0000000707900000| Untracked 
|  92|0x0000000707a00000, 0x0000000707a00000, 0x0000000707b00000|  0%| F|  |TAMS 0x0000000707a00000, 0x0000000707a00000| Untracked 
|  93|0x0000000707b00000, 0x0000000707b00000, 0x0000000707c00000|  0%| F|  |TAMS 0x0000000707b00000, 0x0000000707b00000| Untracked 
|  94|0x0000000707c00000, 0x0000000707c00000, 0x0000000707d00000|  0%| F|  |TAMS 0x0000000707c00000, 0x0000000707c00000| Untracked 
|  95|0x0000000707d00000, 0x0000000707d00000, 0x0000000707e00000|  0%| F|  |TAMS 0x0000000707d00000, 0x0000000707d00000| Untracked 
|  96|0x0000000707e00000, 0x0000000707e00000, 0x0000000707f00000|  0%| F|  |TAMS 0x0000000707e00000, 0x0000000707e00000| Untracked 
|  97|0x0000000707f00000, 0x0000000707f00000, 0x0000000708000000|  0%| F|  |TAMS 0x0000000707f00000, 0x0000000707f00000| Untracked 
|  98|0x0000000708000000, 0x0000000708000000, 0x0000000708100000|  0%| F|  |TAMS 0x0000000708000000, 0x0000000708000000| Untracked 
|  99|0x0000000708100000, 0x000000070815e3d0, 0x0000000708200000| 36%| S|CS|TAMS 0x0000000708100000, 0x0000000708100000| Complete 
| 100|0x0000000708200000, 0x0000000708300000, 0x0000000708300000|100%| S|CS|TAMS 0x0000000708200000, 0x0000000708200000| Complete 
| 101|0x0000000708300000, 0x0000000708400000, 0x0000000708400000|100%| S|CS|TAMS 0x0000000708300000, 0x0000000708300000| Complete 
| 102|0x0000000708400000, 0x0000000708500000, 0x0000000708500000|100%| S|CS|TAMS 0x0000000708400000, 0x0000000708400000| Complete 
| 103|0x0000000708500000, 0x0000000708600000, 0x0000000708600000|100%| S|CS|TAMS 0x0000000708500000, 0x0000000708500000| Complete 
| 104|0x0000000708600000, 0x0000000708700000, 0x0000000708700000|100%| S|CS|TAMS 0x0000000708600000, 0x0000000708600000| Complete 
| 105|0x0000000708700000, 0x0000000708800000, 0x0000000708800000|100%| S|CS|TAMS 0x0000000708700000, 0x0000000708700000| Complete 
| 106|0x0000000708800000, 0x0000000708900000, 0x0000000708900000|100%| S|CS|TAMS 0x0000000708800000, 0x0000000708800000| Complete 
| 107|0x0000000708900000, 0x0000000708a00000, 0x0000000708a00000|100%| S|CS|TAMS 0x0000000708900000, 0x0000000708900000| Complete 
| 108|0x0000000708a00000, 0x0000000708b00000, 0x0000000708b00000|100%| S|CS|TAMS 0x0000000708a00000, 0x0000000708a00000| Complete 
| 109|0x0000000708b00000, 0x0000000708c00000, 0x0000000708c00000|100%| S|CS|TAMS 0x0000000708b00000, 0x0000000708b00000| Complete 
| 110|0x0000000708c00000, 0x0000000708d00000, 0x0000000708d00000|100%| S|CS|TAMS 0x0000000708c00000, 0x0000000708c00000| Complete 
| 111|0x0000000708d00000, 0x0000000708e00000, 0x0000000708e00000|100%| S|CS|TAMS 0x0000000708d00000, 0x0000000708d00000| Complete 
| 112|0x0000000708e00000, 0x0000000708f00000, 0x0000000708f00000|100%| S|CS|TAMS 0x0000000708e00000, 0x0000000708e00000| Complete 
| 113|0x0000000708f00000, 0x0000000709000000, 0x0000000709000000|100%| S|CS|TAMS 0x0000000708f00000, 0x0000000708f00000| Complete 
| 114|0x0000000709000000, 0x0000000709000000, 0x0000000709100000|  0%| F|  |TAMS 0x0000000709000000, 0x0000000709000000| Untracked 
| 115|0x0000000709100000, 0x0000000709100000, 0x0000000709200000|  0%| F|  |TAMS 0x0000000709100000, 0x0000000709100000| Untracked 
| 116|0x0000000709200000, 0x0000000709200000, 0x0000000709300000|  0%| F|  |TAMS 0x0000000709200000, 0x0000000709200000| Untracked 
| 117|0x0000000709300000, 0x0000000709300000, 0x0000000709400000|  0%| F|  |TAMS 0x0000000709300000, 0x0000000709300000| Untracked 
| 118|0x0000000709400000, 0x0000000709400000, 0x0000000709500000|  0%| F|  |TAMS 0x0000000709400000, 0x0000000709400000| Untracked 
| 119|0x0000000709500000, 0x0000000709500000, 0x0000000709600000|  0%| F|  |TAMS 0x0000000709500000, 0x0000000709500000| Untracked 
| 120|0x0000000709600000, 0x0000000709600000, 0x0000000709700000|  0%| F|  |TAMS 0x0000000709600000, 0x0000000709600000| Untracked 
| 121|0x0000000709700000, 0x0000000709700000, 0x0000000709800000|  0%| F|  |TAMS 0x0000000709700000, 0x0000000709700000| Untracked 
| 122|0x0000000709800000, 0x0000000709800000, 0x0000000709900000|  0%| F|  |TAMS 0x0000000709800000, 0x0000000709800000| Untracked 
| 123|0x0000000709900000, 0x0000000709900000, 0x0000000709a00000|  0%| F|  |TAMS 0x0000000709900000, 0x0000000709900000| Untracked 
| 124|0x0000000709a00000, 0x0000000709a00000, 0x0000000709b00000|  0%| F|  |TAMS 0x0000000709a00000, 0x0000000709a00000| Untracked 
| 125|0x0000000709b00000, 0x0000000709b00000, 0x0000000709c00000|  0%| F|  |TAMS 0x0000000709b00000, 0x0000000709b00000| Untracked 
| 126|0x0000000709c00000, 0x0000000709c00000, 0x0000000709d00000|  0%| F|  |TAMS 0x0000000709c00000, 0x0000000709c00000| Untracked 
| 127|0x0000000709d00000, 0x0000000709d00000, 0x0000000709e00000|  0%| F|  |TAMS 0x0000000709d00000, 0x0000000709d00000| Untracked 
| 128|0x0000000709e00000, 0x0000000709e00000, 0x0000000709f00000|  0%| F|  |TAMS 0x0000000709e00000, 0x0000000709e00000| Untracked 
| 129|0x0000000709f00000, 0x0000000709f00000, 0x000000070a000000|  0%| F|  |TAMS 0x0000000709f00000, 0x0000000709f00000| Untracked 
| 130|0x000000070a000000, 0x000000070a000000, 0x000000070a100000|  0%| F|  |TAMS 0x000000070a000000, 0x000000070a000000| Untracked 
| 131|0x000000070a100000, 0x000000070a100000, 0x000000070a200000|  0%| F|  |TAMS 0x000000070a100000, 0x000000070a100000| Untracked 
| 132|0x000000070a200000, 0x000000070a200000, 0x000000070a300000|  0%| F|  |TAMS 0x000000070a200000, 0x000000070a200000| Untracked 
| 133|0x000000070a300000, 0x000000070a300000, 0x000000070a400000|  0%| F|  |TAMS 0x000000070a300000, 0x000000070a300000| Untracked 
| 134|0x000000070a400000, 0x000000070a400000, 0x000000070a500000|  0%| F|  |TAMS 0x000000070a400000, 0x000000070a400000| Untracked 
| 135|0x000000070a500000, 0x000000070a500000, 0x000000070a600000|  0%| F|  |TAMS 0x000000070a500000, 0x000000070a500000| Untracked 
| 136|0x000000070a600000, 0x000000070a600000, 0x000000070a700000|  0%| F|  |TAMS 0x000000070a600000, 0x000000070a600000| Untracked 
| 137|0x000000070a700000, 0x000000070a700000, 0x000000070a800000|  0%| F|  |TAMS 0x000000070a700000, 0x000000070a700000| Untracked 
| 138|0x000000070a800000, 0x000000070a800000, 0x000000070a900000|  0%| F|  |TAMS 0x000000070a800000, 0x000000070a800000| Untracked 
| 139|0x000000070a900000, 0x000000070a900000, 0x000000070aa00000|  0%| F|  |TAMS 0x000000070a900000, 0x000000070a900000| Untracked 
| 140|0x000000070aa00000, 0x000000070aa00000, 0x000000070ab00000|  0%| F|  |TAMS 0x000000070aa00000, 0x000000070aa00000| Untracked 
| 141|0x000000070ab00000, 0x000000070ab00000, 0x000000070ac00000|  0%| F|  |TAMS 0x000000070ab00000, 0x000000070ab00000| Untracked 
| 142|0x000000070ac00000, 0x000000070ac00000, 0x000000070ad00000|  0%| F|  |TAMS 0x000000070ac00000, 0x000000070ac00000| Untracked 
| 143|0x000000070ad00000, 0x000000070ad00000, 0x000000070ae00000|  0%| F|  |TAMS 0x000000070ad00000, 0x000000070ad00000| Untracked 
| 144|0x000000070ae00000, 0x000000070ae00000, 0x000000070af00000|  0%| F|  |TAMS 0x000000070ae00000, 0x000000070ae00000| Untracked 
| 145|0x000000070af00000, 0x000000070af00000, 0x000000070b000000|  0%| F|  |TAMS 0x000000070af00000, 0x000000070af00000| Untracked 
| 146|0x000000070b000000, 0x000000070b000000, 0x000000070b100000|  0%| F|  |TAMS 0x000000070b000000, 0x000000070b000000| Untracked 
| 147|0x000000070b100000, 0x000000070b100000, 0x000000070b200000|  0%| F|  |TAMS 0x000000070b100000, 0x000000070b100000| Untracked 
| 148|0x000000070b200000, 0x000000070b200000, 0x000000070b300000|  0%| F|  |TAMS 0x000000070b200000, 0x000000070b200000| Untracked 
| 149|0x000000070b300000, 0x000000070b300000, 0x000000070b400000|  0%| F|  |TAMS 0x000000070b300000, 0x000000070b300000| Untracked 
| 150|0x000000070b400000, 0x000000070b400000, 0x000000070b500000|  0%| F|  |TAMS 0x000000070b400000, 0x000000070b400000| Untracked 
| 151|0x000000070b500000, 0x000000070b500000, 0x000000070b600000|  0%| F|  |TAMS 0x000000070b500000, 0x000000070b500000| Untracked 
| 152|0x000000070b600000, 0x000000070b600000, 0x000000070b700000|  0%| F|  |TAMS 0x000000070b600000, 0x000000070b600000| Untracked 
| 153|0x000000070b700000, 0x000000070b700000, 0x000000070b800000|  0%| F|  |TAMS 0x000000070b700000, 0x000000070b700000| Untracked 
| 154|0x000000070b800000, 0x000000070b800000, 0x000000070b900000|  0%| F|  |TAMS 0x000000070b800000, 0x000000070b800000| Untracked 
| 155|0x000000070b900000, 0x000000070b900000, 0x000000070ba00000|  0%| F|  |TAMS 0x000000070b900000, 0x000000070b900000| Untracked 
| 156|0x000000070ba00000, 0x000000070ba00000, 0x000000070bb00000|  0%| F|  |TAMS 0x000000070ba00000, 0x000000070ba00000| Untracked 
| 157|0x000000070bb00000, 0x000000070bb00000, 0x000000070bc00000|  0%| F|  |TAMS 0x000000070bb00000, 0x000000070bb00000| Untracked 
| 158|0x000000070bc00000, 0x000000070bc00000, 0x000000070bd00000|  0%| F|  |TAMS 0x000000070bc00000, 0x000000070bc00000| Untracked 
| 159|0x000000070bd00000, 0x000000070bd00000, 0x000000070be00000|  0%| F|  |TAMS 0x000000070bd00000, 0x000000070bd00000| Untracked 
| 160|0x000000070be00000, 0x000000070be00000, 0x000000070bf00000|  0%| F|  |TAMS 0x000000070be00000, 0x000000070be00000| Untracked 
| 161|0x000000070bf00000, 0x000000070bf00000, 0x000000070c000000|  0%| F|  |TAMS 0x000000070bf00000, 0x000000070bf00000| Untracked 
| 162|0x000000070c000000, 0x000000070c000000, 0x000000070c100000|  0%| F|  |TAMS 0x000000070c000000, 0x000000070c000000| Untracked 
| 163|0x000000070c100000, 0x000000070c100000, 0x000000070c200000|  0%| F|  |TAMS 0x000000070c100000, 0x000000070c100000| Untracked 
| 164|0x000000070c200000, 0x000000070c200000, 0x000000070c300000|  0%| F|  |TAMS 0x000000070c200000, 0x000000070c200000| Untracked 
| 165|0x000000070c300000, 0x000000070c300000, 0x000000070c400000|  0%| F|  |TAMS 0x000000070c300000, 0x000000070c300000| Untracked 
| 166|0x000000070c400000, 0x000000070c400000, 0x000000070c500000|  0%| F|  |TAMS 0x000000070c400000, 0x000000070c400000| Untracked 
| 167|0x000000070c500000, 0x000000070c500000, 0x000000070c600000|  0%| F|  |TAMS 0x000000070c500000, 0x000000070c500000| Untracked 
| 168|0x000000070c600000, 0x000000070c600000, 0x000000070c700000|  0%| F|  |TAMS 0x000000070c600000, 0x000000070c600000| Untracked 
| 169|0x000000070c700000, 0x000000070c700000, 0x000000070c800000|  0%| F|  |TAMS 0x000000070c700000, 0x000000070c700000| Untracked 
| 170|0x000000070c800000, 0x000000070c800000, 0x000000070c900000|  0%| F|  |TAMS 0x000000070c800000, 0x000000070c800000| Untracked 
| 171|0x000000070c900000, 0x000000070c900000, 0x000000070ca00000|  0%| F|  |TAMS 0x000000070c900000, 0x000000070c900000| Untracked 
| 172|0x000000070ca00000, 0x000000070ca00000, 0x000000070cb00000|  0%| F|  |TAMS 0x000000070ca00000, 0x000000070ca00000| Untracked 
| 173|0x000000070cb00000, 0x000000070cb00000, 0x000000070cc00000|  0%| F|  |TAMS 0x000000070cb00000, 0x000000070cb00000| Untracked 
| 174|0x000000070cc00000, 0x000000070cc00000, 0x000000070cd00000|  0%| F|  |TAMS 0x000000070cc00000, 0x000000070cc00000| Untracked 
| 175|0x000000070cd00000, 0x000000070cd00000, 0x000000070ce00000|  0%| F|  |TAMS 0x000000070cd00000, 0x000000070cd00000| Untracked 
| 176|0x000000070ce00000, 0x000000070ce00000, 0x000000070cf00000|  0%| F|  |TAMS 0x000000070ce00000, 0x000000070ce00000| Untracked 
| 177|0x000000070cf00000, 0x000000070cf00000, 0x000000070d000000|  0%| F|  |TAMS 0x000000070cf00000, 0x000000070cf00000| Untracked 
| 178|0x000000070d000000, 0x000000070d000000, 0x000000070d100000|  0%| F|  |TAMS 0x000000070d000000, 0x000000070d000000| Untracked 
| 179|0x000000070d100000, 0x000000070d100000, 0x000000070d200000|  0%| F|  |TAMS 0x000000070d100000, 0x000000070d100000| Untracked 
| 180|0x000000070d200000, 0x000000070d200000, 0x000000070d300000|  0%| F|  |TAMS 0x000000070d200000, 0x000000070d200000| Untracked 
| 181|0x000000070d300000, 0x000000070d300000, 0x000000070d400000|  0%| F|  |TAMS 0x000000070d300000, 0x000000070d300000| Untracked 
| 182|0x000000070d400000, 0x000000070d400000, 0x000000070d500000|  0%| F|  |TAMS 0x000000070d400000, 0x000000070d400000| Untracked 
| 183|0x000000070d500000, 0x000000070d500000, 0x000000070d600000|  0%| F|  |TAMS 0x000000070d500000, 0x000000070d500000| Untracked 
| 184|0x000000070d600000, 0x000000070d600000, 0x000000070d700000|  0%| F|  |TAMS 0x000000070d600000, 0x000000070d600000| Untracked 
| 185|0x000000070d700000, 0x000000070d700000, 0x000000070d800000|  0%| F|  |TAMS 0x000000070d700000, 0x000000070d700000| Untracked 
| 186|0x000000070d800000, 0x000000070d800000, 0x000000070d900000|  0%| F|  |TAMS 0x000000070d800000, 0x000000070d800000| Untracked 
| 187|0x000000070d900000, 0x000000070d900000, 0x000000070da00000|  0%| F|  |TAMS 0x000000070d900000, 0x000000070d900000| Untracked 
| 188|0x000000070da00000, 0x000000070da00000, 0x000000070db00000|  0%| F|  |TAMS 0x000000070da00000, 0x000000070da00000| Untracked 
| 189|0x000000070db00000, 0x000000070db00000, 0x000000070dc00000|  0%| F|  |TAMS 0x000000070db00000, 0x000000070db00000| Untracked 
| 190|0x000000070dc00000, 0x000000070dc00000, 0x000000070dd00000|  0%| F|  |TAMS 0x000000070dc00000, 0x000000070dc00000| Untracked 
| 191|0x000000070dd00000, 0x000000070dd00000, 0x000000070de00000|  0%| F|  |TAMS 0x000000070dd00000, 0x000000070dd00000| Untracked 
| 192|0x000000070de00000, 0x000000070de00000, 0x000000070df00000|  0%| F|  |TAMS 0x000000070de00000, 0x000000070de00000| Untracked 
| 193|0x000000070df00000, 0x000000070df00000, 0x000000070e000000|  0%| F|  |TAMS 0x000000070df00000, 0x000000070df00000| Untracked 
| 194|0x000000070e000000, 0x000000070e000000, 0x000000070e100000|  0%| F|  |TAMS 0x000000070e000000, 0x000000070e000000| Untracked 
| 195|0x000000070e100000, 0x000000070e100000, 0x000000070e200000|  0%| F|  |TAMS 0x000000070e100000, 0x000000070e100000| Untracked 
| 196|0x000000070e200000, 0x000000070e200000, 0x000000070e300000|  0%| F|  |TAMS 0x000000070e200000, 0x000000070e200000| Untracked 
| 197|0x000000070e300000, 0x000000070e300000, 0x000000070e400000|  0%| F|  |TAMS 0x000000070e300000, 0x000000070e300000| Untracked 
| 198|0x000000070e400000, 0x000000070e400000, 0x000000070e500000|  0%| F|  |TAMS 0x000000070e400000, 0x000000070e400000| Untracked 
| 199|0x000000070e500000, 0x000000070e500000, 0x000000070e600000|  0%| F|  |TAMS 0x000000070e500000, 0x000000070e500000| Untracked 
| 200|0x000000070e600000, 0x000000070e600000, 0x000000070e700000|  0%| F|  |TAMS 0x000000070e600000, 0x000000070e600000| Untracked 
| 201|0x000000070e700000, 0x000000070e700000, 0x000000070e800000|  0%| F|  |TAMS 0x000000070e700000, 0x000000070e700000| Untracked 
| 202|0x000000070e800000, 0x000000070e800000, 0x000000070e900000|  0%| F|  |TAMS 0x000000070e800000, 0x000000070e800000| Untracked 
| 203|0x000000070e900000, 0x000000070e900000, 0x000000070ea00000|  0%| F|  |TAMS 0x000000070e900000, 0x000000070e900000| Untracked 
| 204|0x000000070ea00000, 0x000000070ea00000, 0x000000070eb00000|  0%| F|  |TAMS 0x000000070ea00000, 0x000000070ea00000| Untracked 
| 205|0x000000070eb00000, 0x000000070eb00000, 0x000000070ec00000|  0%| F|  |TAMS 0x000000070eb00000, 0x000000070eb00000| Untracked 
| 206|0x000000070ec00000, 0x000000070ec00000, 0x000000070ed00000|  0%| F|  |TAMS 0x000000070ec00000, 0x000000070ec00000| Untracked 
| 207|0x000000070ed00000, 0x000000070ed00000, 0x000000070ee00000|  0%| F|  |TAMS 0x000000070ed00000, 0x000000070ed00000| Untracked 
| 208|0x000000070ee00000, 0x000000070ee00000, 0x000000070ef00000|  0%| F|  |TAMS 0x000000070ee00000, 0x000000070ee00000| Untracked 
| 209|0x000000070ef00000, 0x000000070ef00000, 0x000000070f000000|  0%| F|  |TAMS 0x000000070ef00000, 0x000000070ef00000| Untracked 
| 210|0x000000070f000000, 0x000000070f000000, 0x000000070f100000|  0%| F|  |TAMS 0x000000070f000000, 0x000000070f000000| Untracked 
| 211|0x000000070f100000, 0x000000070f100000, 0x000000070f200000|  0%| F|  |TAMS 0x000000070f100000, 0x000000070f100000| Untracked 
| 212|0x000000070f200000, 0x000000070f200000, 0x000000070f300000|  0%| F|  |TAMS 0x000000070f200000, 0x000000070f200000| Untracked 
| 213|0x000000070f300000, 0x000000070f300000, 0x000000070f400000|  0%| F|  |TAMS 0x000000070f300000, 0x000000070f300000| Untracked 
| 214|0x000000070f400000, 0x000000070f400000, 0x000000070f500000|  0%| F|  |TAMS 0x000000070f400000, 0x000000070f400000| Untracked 
| 215|0x000000070f500000, 0x000000070f500000, 0x000000070f600000|  0%| F|  |TAMS 0x000000070f500000, 0x000000070f500000| Untracked 
| 216|0x000000070f600000, 0x000000070f600000, 0x000000070f700000|  0%| F|  |TAMS 0x000000070f600000, 0x000000070f600000| Untracked 
| 217|0x000000070f700000, 0x000000070f700000, 0x000000070f800000|  0%| F|  |TAMS 0x000000070f700000, 0x000000070f700000| Untracked 
| 218|0x000000070f800000, 0x000000070f800000, 0x000000070f900000|  0%| F|  |TAMS 0x000000070f800000, 0x000000070f800000| Untracked 
| 219|0x000000070f900000, 0x000000070f900000, 0x000000070fa00000|  0%| F|  |TAMS 0x000000070f900000, 0x000000070f900000| Untracked 
| 220|0x000000070fa00000, 0x000000070fa00000, 0x000000070fb00000|  0%| F|  |TAMS 0x000000070fa00000, 0x000000070fa00000| Untracked 
| 221|0x000000070fb00000, 0x000000070fb00000, 0x000000070fc00000|  0%| F|  |TAMS 0x000000070fb00000, 0x000000070fb00000| Untracked 
| 222|0x000000070fc00000, 0x000000070fc00000, 0x000000070fd00000|  0%| F|  |TAMS 0x000000070fc00000, 0x000000070fc00000| Untracked 
| 223|0x000000070fd00000, 0x000000070fd00000, 0x000000070fe00000|  0%| F|  |TAMS 0x000000070fd00000, 0x000000070fd00000| Untracked 
| 224|0x000000070fe00000, 0x000000070fe00000, 0x000000070ff00000|  0%| F|  |TAMS 0x000000070fe00000, 0x000000070fe00000| Untracked 
| 225|0x000000070ff00000, 0x000000070ff00000, 0x0000000710000000|  0%| F|  |TAMS 0x000000070ff00000, 0x000000070ff00000| Untracked 
| 226|0x0000000710000000, 0x0000000710000000, 0x0000000710100000|  0%| F|  |TAMS 0x0000000710000000, 0x0000000710000000| Untracked 
| 227|0x0000000710100000, 0x0000000710100000, 0x0000000710200000|  0%| F|  |TAMS 0x0000000710100000, 0x0000000710100000| Untracked 
| 228|0x0000000710200000, 0x0000000710200000, 0x0000000710300000|  0%| F|  |TAMS 0x0000000710200000, 0x0000000710200000| Untracked 
| 229|0x0000000710300000, 0x0000000710300000, 0x0000000710400000|  0%| F|  |TAMS 0x0000000710300000, 0x0000000710300000| Untracked 
| 230|0x0000000710400000, 0x0000000710400000, 0x0000000710500000|  0%| F|  |TAMS 0x0000000710400000, 0x0000000710400000| Untracked 
| 231|0x0000000710500000, 0x0000000710500000, 0x0000000710600000|  0%| F|  |TAMS 0x0000000710500000, 0x0000000710500000| Untracked 
| 232|0x0000000710600000, 0x0000000710600000, 0x0000000710700000|  0%| F|  |TAMS 0x0000000710600000, 0x0000000710600000| Untracked 
| 233|0x0000000710700000, 0x0000000710700000, 0x0000000710800000|  0%| F|  |TAMS 0x0000000710700000, 0x0000000710700000| Untracked 
| 234|0x0000000710800000, 0x0000000710800000, 0x0000000710900000|  0%| F|  |TAMS 0x0000000710800000, 0x0000000710800000| Untracked 
| 235|0x0000000710900000, 0x0000000710900000, 0x0000000710a00000|  0%| F|  |TAMS 0x0000000710900000, 0x0000000710900000| Untracked 
| 236|0x0000000710a00000, 0x0000000710a00000, 0x0000000710b00000|  0%| F|  |TAMS 0x0000000710a00000, 0x0000000710a00000| Untracked 
| 237|0x0000000710b00000, 0x0000000710b00000, 0x0000000710c00000|  0%| F|  |TAMS 0x0000000710b00000, 0x0000000710b00000| Untracked 
| 238|0x0000000710c00000, 0x0000000710c00000, 0x0000000710d00000|  0%| F|  |TAMS 0x0000000710c00000, 0x0000000710c00000| Untracked 
| 239|0x0000000710d00000, 0x0000000710d00000, 0x0000000710e00000|  0%| F|  |TAMS 0x0000000710d00000, 0x0000000710d00000| Untracked 
| 240|0x0000000710e00000, 0x0000000710e00000, 0x0000000710f00000|  0%| F|  |TAMS 0x0000000710e00000, 0x0000000710e00000| Untracked 
| 241|0x0000000710f00000, 0x0000000710f00000, 0x0000000711000000|  0%| F|  |TAMS 0x0000000710f00000, 0x0000000710f00000| Untracked 
| 242|0x0000000711000000, 0x0000000711000000, 0x0000000711100000|  0%| F|  |TAMS 0x0000000711000000, 0x0000000711000000| Untracked 
| 243|0x0000000711100000, 0x0000000711100000, 0x0000000711200000|  0%| F|  |TAMS 0x0000000711100000, 0x0000000711100000| Untracked 
| 244|0x0000000711200000, 0x0000000711200000, 0x0000000711300000|  0%| F|  |TAMS 0x0000000711200000, 0x0000000711200000| Untracked 
| 245|0x0000000711300000, 0x0000000711300000, 0x0000000711400000|  0%| F|  |TAMS 0x0000000711300000, 0x0000000711300000| Untracked 
| 246|0x0000000711400000, 0x0000000711400000, 0x0000000711500000|  0%| F|  |TAMS 0x0000000711400000, 0x0000000711400000| Untracked 
| 247|0x0000000711500000, 0x0000000711500000, 0x0000000711600000|  0%| F|  |TAMS 0x0000000711500000, 0x0000000711500000| Untracked 
| 248|0x0000000711600000, 0x0000000711600000, 0x0000000711700000|  0%| F|  |TAMS 0x0000000711600000, 0x0000000711600000| Untracked 
| 249|0x0000000711700000, 0x0000000711700000, 0x0000000711800000|  0%| F|  |TAMS 0x0000000711700000, 0x0000000711700000| Untracked 
| 250|0x0000000711800000, 0x0000000711800000, 0x0000000711900000|  0%| F|  |TAMS 0x0000000711800000, 0x0000000711800000| Untracked 
| 251|0x0000000711900000, 0x0000000711900000, 0x0000000711a00000|  0%| F|  |TAMS 0x0000000711900000, 0x0000000711900000| Untracked 
| 252|0x0000000711a00000, 0x0000000711a00000, 0x0000000711b00000|  0%| F|  |TAMS 0x0000000711a00000, 0x0000000711a00000| Untracked 
| 253|0x0000000711b00000, 0x0000000711b00000, 0x0000000711c00000|  0%| F|  |TAMS 0x0000000711b00000, 0x0000000711b00000| Untracked 
| 254|0x0000000711c00000, 0x0000000711c00000, 0x0000000711d00000|  0%| F|  |TAMS 0x0000000711c00000, 0x0000000711c00000| Untracked 
| 255|0x0000000711d00000, 0x0000000711d00000, 0x0000000711e00000|  0%| F|  |TAMS 0x0000000711d00000, 0x0000000711d00000| Untracked 

Card table byte_map: [0x000001b3caf20000,0x000001b3cb720000] _byte_map_base: 0x000001b3c7711000

Marking Bits (Prev, Next): (CMBitMap*) 0x000001b3b2ab7808, (CMBitMap*) 0x000001b3b2ab7840
 Prev Bits: [0x000001b3cbf20000, 0x000001b3cfea8000)
 Next Bits: [0x000001b3cfeb0000, 0x000001b3d3e38000)

Polling page: 0x000001b3b2230000

Metaspace:

Usage:
  Non-class:     50.88 MB capacity,    50.05 MB ( 98%) used,   667.14 KB (  1%) free+waste,   183.69 KB ( <1%) overhead. 
      Class:      7.74 MB capacity,     7.15 MB ( 92%) used,   516.81 KB (  7%) free+waste,    88.63 KB (  1%) overhead. 
       Both:     58.62 MB capacity,    57.20 MB ( 98%) used,     1.16 MB (  2%) free+waste,   272.31 KB ( <1%) overhead. 

Virtual space:
  Non-class space:       52.00 MB reserved,      50.92 MB ( 98%) committed 
      Class space:        1.00 GB reserved,       7.75 MB ( <1%) committed 
             Both:        1.05 GB reserved,      58.67 MB (  5%) committed 

Chunk freelists:
   Non-Class:  9.00 KB
       Class:  14.00 KB
        Both:  23.00 KB

MaxMetaspaceSize: 17179869184.00 GB
CompressedClassSpaceSize: 1.00 GB
Initial GC threshold: 20.80 MB
Current GC threshold: 58.67 MB
CDS: off

CodeHeap 'non-profiled nmethods': size=120000Kb used=2689Kb max_used=2689Kb free=117311Kb
 bounds [0x000001b3c2ca0000, 0x000001b3c2f50000, 0x000001b3ca1d0000]
CodeHeap 'profiled nmethods': size=120000Kb used=10969Kb max_used=10969Kb free=109030Kb
 bounds [0x000001b3bb770000, 0x000001b3bc230000, 0x000001b3c2ca0000]
CodeHeap 'non-nmethods': size=5760Kb used=1304Kb max_used=1340Kb free=4455Kb
 bounds [0x000001b3bb1d0000, 0x000001b3bb440000, 0x000001b3bb770000]
 total_blobs=5512 nmethods=4914 adapters=510
 compilation: enabled
              stopped_count=0, restarted_count=0
 full_count=0

Compilation events (20 events):
Event: 6.676 Thread 0x000001b3d74a9800 nmethod 4821 0x000001b3c2f39290 code [0x000001b3c2f39560, 0x000001b3c2f3a9e0]
Event: 6.676 Thread 0x000001b3d74a9800 4822   !   4       net.bytebuddy.description.method.$Proxy83::getParameterCount (39 bytes)
Event: 6.678 Thread 0x000001b3d74a9800 nmethod 4822 0x000001b3c2f3c290 code [0x000001b3c2f3c460, 0x000001b3c2f3c6a8]
Event: 6.679 Thread 0x000001b3d74a9800 4823   !   4       jdk.internal.reflect.GeneratedMethodAccessor4::invoke (64 bytes)
Event: 6.681 Thread 0x000001b3d74a9800 nmethod 4823 0x000001b3c2f3c890 code [0x000001b3c2f3ca40, 0x000001b3c2f3cc38]
Event: 6.682 Thread 0x000001b3d74a9800 4835       4       net.bytebuddy.description.type.TypeList$Generic$Explicit::size (10 bytes)
Event: 6.682 Thread 0x000001b3d74a9800 nmethod 4835 0x000001b3c2f3ce10 code [0x000001b3c2f3cfa0, 0x000001b3c2f3d038]
Event: 6.682 Thread 0x000001b3d74a9800 4756       4       java.lang.Class::getInterfaces (6 bytes)
Event: 6.683 Thread 0x000001b3d74ad000 4932       3       org.jboss.logging.Logger::join (112 bytes)
Event: 6.684 Thread 0x000001b3d74ad000 nmethod 4932 0x000001b3bc224b10 code [0x000001b3bc224e40, 0x000001b3bc225ed8]
Event: 6.687 Thread 0x000001b3d77fa800 nmethod 4793 0x000001b3c2f3d110 code [0x000001b3c2f3d340, 0x000001b3c2f3dc60]
Event: 6.687 Thread 0x000001b3d77fa800 4868       4       jdk.internal.reflect.ClassFileAssembler::emitShort (24 bytes)
Event: 6.690 Thread 0x000001b3d77fa800 nmethod 4868 0x000001b3c2f3e590 code [0x000001b3c2f3e760, 0x000001b3c2f3e9b8]
Event: 6.690 Thread 0x000001b3d77fa800 4886       4       net.bytebuddy.description.type.TypeDescription$AbstractBase::getSort (4 bytes)
Event: 6.691 Thread 0x000001b3d77fa800 nmethod 4886 0x000001b3c2f3ec10 code [0x000001b3c2f3eda0, 0x000001b3c2f3ee18]
Event: 6.691 Thread 0x000001b3d77fa800 4896       4       java.util.Arrays$ArrayList::get (7 bytes)
Event: 6.691 Thread 0x000001b3d74a9800 nmethod 4756 0x000001b3c2f3ef10 code [0x000001b3c2f3f0e0, 0x000001b3c2f3f788]
Event: 6.692 Thread 0x000001b3d77fa800 nmethod 4896 0x000001b3c2f3fa90 code [0x000001b3c2f3fc20, 0x000001b3c2f3fcb8]
Event: 6.700 Thread 0x000001b3d74a9800 4933       4       java.util.regex.Pattern$SliceI::match (96 bytes)
Event: 6.704 Thread 0x000001b3d74a9800 nmethod 4933 0x000001b3c2f3fd90 code [0x000001b3c2f3ff40, 0x000001b3c2f40228]

GC Heap History (9 events):
Event: 0.679 GC heap before
{Heap before GC invocations=0 (full 0):
 garbage-first heap   total 262144K, used 25600K [0x0000000701e00000, 0x0000000800000000)
  region size 1024K, 24 young (24576K), 0 survivors (0K)
 Metaspace       used 12000K, capacity 12355K, committed 12544K, reserved 1060864K
  class space    used 1152K, capacity 1257K, committed 1280K, reserved 1048576K
}
Event: 0.686 GC heap after
{Heap after GC invocations=1 (full 0):
 garbage-first heap   total 262144K, used 7938K [0x0000000701e00000, 0x0000000800000000)
  region size 1024K, 3 young (3072K), 3 survivors (3072K)
 Metaspace       used 12000K, capacity 12355K, committed 12544K, reserved 1060864K
  class space    used 1152K, capacity 1257K, committed 1280K, reserved 1048576K
}
Event: 1.662 GC heap before
{Heap before GC invocations=1 (full 0):
 garbage-first heap   total 262144K, used 64258K [0x0000000701e00000, 0x0000000800000000)
  region size 1024K, 59 young (60416K), 3 survivors (3072K)
 Metaspace       used 20536K, capacity 21251K, committed 21296K, reserved 1069056K
  class space    used 2258K, capacity 2557K, committed 2560K, reserved 1048576K
}
Event: 1.668 GC heap after
{Heap after GC invocations=2 (full 0):
 garbage-first heap   total 262144K, used 10066K [0x0000000701e00000, 0x0000000800000000)
  region size 1024K, 6 young (6144K), 6 survivors (6144K)
 Metaspace       used 20536K, capacity 21251K, committed 21296K, reserved 1069056K
  class space    used 2258K, capacity 2557K, committed 2560K, reserved 1048576K
}
Event: 2.404 GC heap before
{Heap before GC invocations=3 (full 0):
 garbage-first heap   total 262144K, used 66386K [0x0000000701e00000, 0x0000000800000000)
  region size 1024K, 61 young (62464K), 6 survivors (6144K)
 Metaspace       used 28806K, capacity 29752K, committed 29824K, reserved 1075200K
  class space    used 3290K, capacity 3693K, committed 3712K, reserved 1048576K
}
Event: 2.411 GC heap after
{Heap after GC invocations=4 (full 0):
 garbage-first heap   total 262144K, used 12118K [0x0000000701e00000, 0x0000000800000000)
  region size 1024K, 5 young (5120K), 5 survivors (5120K)
 Metaspace       used 28806K, capacity 29752K, committed 29824K, reserved 1075200K
  class space    used 3290K, capacity 3693K, committed 3712K, reserved 1048576K
}
Event: 3.512 GC heap before
{Heap before GC invocations=4 (full 0):
 garbage-first heap   total 262144K, used 87894K [0x0000000701e00000, 0x0000000800000000)
  region size 1024K, 80 young (81920K), 5 survivors (5120K)
 Metaspace       used 34620K, capacity 35778K, committed 35920K, reserved 1081344K
  class space    used 4030K, capacity 4480K, committed 4480K, reserved 1048576K
}
Event: 3.522 GC heap after
{Heap after GC invocations=5 (full 0):
 garbage-first heap   total 262144K, used 14705K [0x0000000701e00000, 0x0000000800000000)
  region size 1024K, 7 young (7168K), 7 survivors (7168K)
 Metaspace       used 34620K, capacity 35778K, committed 35920K, reserved 1081344K
  class space    used 4030K, capacity 4480K, committed 4480K, reserved 1048576K
}
Event: 6.706 GC heap before
{Heap before GC invocations=6 (full 0):
 garbage-first heap   total 262144K, used 151921K [0x0000000701e00000, 0x0000000800000000)
  region size 1024K, 142 young (145408K), 7 survivors (7168K)
 Metaspace       used 58568K, capacity 60025K, committed 60080K, reserved 1101824K
  class space    used 7316K, capacity 7922K, committed 7936K, reserved 1048576K
}

Deoptimization events (20 events):
Event: 6.172 Thread 0x000001b3b2a54800 Uncommon trap: trap_request=0xffffffbe fr.pc=0x000001b3c2e864fc relative=0x000000000000067c
Event: 6.172 Thread 0x000001b3b2a54800 Uncommon trap: reason=profile_predicate action=maybe_recompile pc=0x000001b3c2e864fc method=java.util.TreeMap.getEntryUsingComparator(Ljava/lang/Object;)Ljava/util/TreeMap$Entry; @ 19 c2
Event: 6.172 Thread 0x000001b3b2a54800 DEOPT PACKING pc=0x000001b3c2e864fc sp=0x0000005c46efc0b0
Event: 6.172 Thread 0x000001b3b2a54800 DEOPT UNPACKING pc=0x000001b3bb21a1af sp=0x0000005c46efc050 mode 2
Event: 6.172 Thread 0x000001b3b2a54800 Uncommon trap: trap_request=0xffffffbe fr.pc=0x000001b3c2e864fc relative=0x000000000000067c
Event: 6.172 Thread 0x000001b3b2a54800 Uncommon trap: reason=profile_predicate action=maybe_recompile pc=0x000001b3c2e864fc method=java.util.TreeMap.getEntryUsingComparator(Ljava/lang/Object;)Ljava/util/TreeMap$Entry; @ 19 c2
Event: 6.172 Thread 0x000001b3b2a54800 DEOPT PACKING pc=0x000001b3c2e864fc sp=0x0000005c46efc0b0
Event: 6.172 Thread 0x000001b3b2a54800 DEOPT UNPACKING pc=0x000001b3bb21a1af sp=0x0000005c46efc050 mode 2
Event: 6.172 Thread 0x000001b3b2a54800 Uncommon trap: trap_request=0xffffffbe fr.pc=0x000001b3c2e864fc relative=0x000000000000067c
Event: 6.172 Thread 0x000001b3b2a54800 Uncommon trap: reason=profile_predicate action=maybe_recompile pc=0x000001b3c2e864fc method=java.util.TreeMap.getEntryUsingComparator(Ljava/lang/Object;)Ljava/util/TreeMap$Entry; @ 19 c2
Event: 6.172 Thread 0x000001b3b2a54800 DEOPT PACKING pc=0x000001b3c2e864fc sp=0x0000005c46efc0b0
Event: 6.172 Thread 0x000001b3b2a54800 DEOPT UNPACKING pc=0x000001b3bb21a1af sp=0x0000005c46efc050 mode 2
Event: 6.700 Thread 0x000001b3b2a54800 Uncommon trap: trap_request=0xffffffc6 fr.pc=0x000001b3c2e85914 relative=0x00000000000002b4
Event: 6.700 Thread 0x000001b3b2a54800 Uncommon trap: reason=bimorphic_or_optimized_type_check action=maybe_recompile pc=0x000001b3c2e85914 method=java.util.regex.Pattern$SliceI.match(Ljava/util/regex/Matcher;ILjava/lang/CharSequence;)Z @ 92 c2
Event: 6.700 Thread 0x000001b3b2a54800 DEOPT PACKING pc=0x000001b3c2e85914 sp=0x0000005c46ef9d30
Event: 6.700 Thread 0x000001b3b2a54800 DEOPT UNPACKING pc=0x000001b3bb21a1af sp=0x0000005c46ef9cb8 mode 2
Event: 6.705 Thread 0x000001b3b2a54800 Uncommon trap: trap_request=0xffffff4d fr.pc=0x000001b3c2cfb3f8 relative=0x0000000000001e98
Event: 6.705 Thread 0x000001b3b2a54800 Uncommon trap: reason=unstable_if action=reinterpret pc=0x000001b3c2cfb3f8 method=java.util.jar.JarFile.getVersionedEntry(Ljava/lang/String;Ljava/util/jar/JarEntry;)Ljava/util/jar/JarEntry; @ 67 c2
Event: 6.705 Thread 0x000001b3b2a54800 DEOPT PACKING pc=0x000001b3c2cfb3f8 sp=0x0000005c46ef8bc0
Event: 6.705 Thread 0x000001b3b2a54800 DEOPT UNPACKING pc=0x000001b3bb21a1af sp=0x0000005c46ef8ab0 mode 2

Classes redefined (0 events):
No events

Internal exceptions (20 events):
Event: 5.034 Thread 0x000001b3b2a54800 Exception <a 'java/lang/ClassNotFoundException'{0x000000070eac05b0}: org/springframework/orm/jpa/AbstractEntityManagerFactoryBeanCustomizer> (0x000000070eac05b0) thrown at [./src/hotspot/share/classfile/systemDictionary.cpp, line 230]
Event: 5.035 Thread 0x000001b3b2a54800 Exception <a 'java/lang/ClassNotFoundException'{0x000000070eaf8d28}: org/springframework/orm/jpa/LocalContainerEntityManagerFactoryBeanCustomizer> (0x000000070eaf8d28) thrown at [./src/hotspot/share/classfile/systemDictionary.cpp, line 230]
Event: 5.038 Thread 0x000001b3b2a54800 Exception <a 'java/lang/ClassNotFoundException'{0x000000070e94cbf8}: org/springframework/context/ResourceLoaderAwareCustomizer> (0x000000070e94cbf8) thrown at [./src/hotspot/share/classfile/systemDictionary.cpp, line 230]
Event: 5.038 Thread 0x000001b3b2a54800 Exception <a 'java/lang/ClassNotFoundException'{0x000000070e95fcb8}: org/springframework/beans/factory/AwareCustomizer> (0x000000070e95fcb8) thrown at [./src/hotspot/share/classfile/systemDictionary.cpp, line 230]
Event: 5.039 Thread 0x000001b3b2a54800 Exception <a 'java/lang/ClassNotFoundException'{0x000000070e974b00}: org/springframework/context/weaving/LoadTimeWeaverAwareCustomizer> (0x000000070e974b00) thrown at [./src/hotspot/share/classfile/systemDictionary.cpp, line 230]
Event: 5.039 Thread 0x000001b3b2a54800 Exception <a 'java/lang/ClassNotFoundException'{0x000000070e988300}: org/springframework/beans/factory/AwareCustomizer> (0x000000070e988300) thrown at [./src/hotspot/share/classfile/systemDictionary.cpp, line 230]
Event: 5.040 Thread 0x000001b3b2a54800 Exception <a 'java/lang/ClassNotFoundException'{0x000000070e99bbf8}: org/springframework/beans/factory/FactoryBeanCustomizer> (0x000000070e99bbf8) thrown at [./src/hotspot/share/classfile/systemDictionary.cpp, line 230]
Event: 5.042 Thread 0x000001b3b2a54800 Exception <a 'java/lang/ClassNotFoundException'{0x000000070e9b49e8}: org/springframework/beans/factory/BeanClassLoaderAwareCustomizer> (0x000000070e9b49e8) thrown at [./src/hotspot/share/classfile/systemDictionary.cpp, line 230]
Event: 5.042 Thread 0x000001b3b2a54800 Exception <a 'java/lang/ClassNotFoundException'{0x000000070e9c7b00}: org/springframework/beans/factory/AwareCustomizer> (0x000000070e9c7b00) thrown at [./src/hotspot/share/classfile/systemDictionary.cpp, line 230]
Event: 5.043 Thread 0x000001b3b2a54800 Exception <a 'java/lang/ClassNotFoundException'{0x000000070e9dc068}: org/springframework/beans/factory/BeanFactoryAwareCustomizer> (0x000000070e9dc068) thrown at [./src/hotspot/share/classfile/systemDictionary.cpp, line 230]
Event: 5.044 Thread 0x000001b3b2a54800 Exception <a 'java/lang/ClassNotFoundException'{0x000000070e9ef680}: org/springframework/beans/factory/AwareCustomizer> (0x000000070e9ef680) thrown at [./src/hotspot/share/classfile/systemDictionary.cpp, line 230]
Event: 5.045 Thread 0x000001b3b2a54800 Exception <a 'java/lang/ClassNotFoundException'{0x000000070e803410}: org/springframework/beans/factory/BeanNameAwareCustomizer> (0x000000070e803410) thrown at [./src/hotspot/share/classfile/systemDictionary.cpp, line 230]
Event: 5.046 Thread 0x000001b3b2a54800 Exception <a 'java/lang/ClassNotFoundException'{0x000000070e8168e8}: org/springframework/beans/factory/AwareCustomizer> (0x000000070e8168e8) thrown at [./src/hotspot/share/classfile/systemDictionary.cpp, line 230]
Event: 5.046 Thread 0x000001b3b2a54800 Exception <a 'java/lang/ClassNotFoundException'{0x000000070e82ae50}: org/springframework/beans/factory/InitializingBeanCustomizer> (0x000000070e82ae50) thrown at [./src/hotspot/share/classfile/systemDictionary.cpp, line 230]
Event: 5.046 Thread 0x000001b3b2a54800 Exception <a 'java/lang/ClassNotFoundException'{0x000000070e83f548}: org/springframework/beans/factory/DisposableBeanCustomizer> (0x000000070e83f548) thrown at [./src/hotspot/share/classfile/systemDictionary.cpp, line 230]
Event: 5.047 Thread 0x000001b3b2a54800 Exception <a 'java/lang/ClassNotFoundException'{0x000000070e854e30}: org/springframework/orm/jpa/EntityManagerFactoryInfoCustomizer> (0x000000070e854e30) thrown at [./src/hotspot/share/classfile/systemDictionary.cpp, line 230]
Event: 5.047 Thread 0x000001b3b2a54800 Exception <a 'java/lang/ClassNotFoundException'{0x000000070e8759b8}: org/springframework/dao/support/PersistenceExceptionTranslatorCustomizer> (0x000000070e8759b8) thrown at [./src/hotspot/share/classfile/systemDictionary.cpp, line 230]
Event: 5.984 Thread 0x000001b3b2a54800 Implicit null exception at 0x000001b3c2ea9177 to 0x000001b3c2ea93e0
Event: 6.098 Thread 0x000001b3b2a54800 Exception <a 'java/lang/NoSuchMethodError'{0x000000070b02a8b8}: 'java.lang.Object java.lang.invoke.DirectMethodHandle$Holder.newInvokeSpecial(java.lang.Object, java.lang.Object, int, java.lang.Object, java.lang.Object)'> (0x000000070b02a8b8) thrown at [./src/hotspot/share/interpreter/linkResolver.cpp, line 773]
Event: 6.688 Thread 0x000001b3b2a54800 Exception <a 'java/lang/NoSuchMethodError'{0x00000007091515f0}: 'java.lang.Object java.lang.invoke.DirectMethodHandle$Holder.invokeStaticInit(java.lang.Object, java.lang.Object, java.lang.Object, java.lang.Object, int, int)'> (0x00000007091515f0) thrown at [./src/hotspot/share/interpreter/linkResolver.cpp, line 773]

Events (20 events):
Event: 6.704 loading class org/apache/logging/log4j/util/TriConsumer done
Event: 6.704 loading class org/apache/logging/log4j/util/TriConsumer
Event: 6.704 loading class org/apache/logging/log4j/util/TriConsumer done
Event: 6.704 loading class java/io/ObjectInputStream$GetField
Event: 6.704 loading class java/io/ObjectInputStream$GetField done
Event: 6.704 loading class java/io/ObjectInputValidation
Event: 6.705 loading class java/io/ObjectInputValidation done
Event: 6.705 loading class java/io/NotActiveException
Event: 6.705 loading class java/io/NotActiveException done
Event: 6.705 loading class java/io/ObjectInputFilter
Event: 6.705 loading class java/io/ObjectInputFilter done
Event: 6.705 loading class org/apache/logging/log4j/util/internal/DefaultObjectInputFilter
Event: 6.705 loading class org/apache/logging/log4j/util/internal/DefaultObjectInputFilter done
Event: 6.705 loading class java/io/ObjectInputFilter$FilterInfo
Event: 6.705 loading class java/io/ObjectInputFilter$FilterInfo done
Event: 6.705 loading class java/io/ObjectInputFilter$Status
Event: 6.705 loading class java/io/ObjectInputFilter$Status done
Event: 6.705 loading class org/apache/logging/log4j/spi/GarbageFreeSortedArrayThreadContextMap
Event: 6.705 loading class org/apache/logging/log4j/spi/GarbageFreeSortedArrayThreadContextMap done
Event: 6.706 Executing VM operation: CollectForMetadataAllocation


Dynamic libraries:
0x00007ff6bc260000 - 0x00007ff6bc26d000 	C:\Users\Jaime\.jdks\corretto-11.0.18\bin\java.exe
0x00007ff954770000 - 0x00007ff954968000 	C:\WINDOWS\SYSTEM32\ntdll.dll
0x00007ff911f50000 - 0x00007ff911f67000 	C:\Program Files\AVAST Software\Avast\aswhook.dll
0x00007ff952eb0000 - 0x00007ff952f6f000 	C:\WINDOWS\System32\KERNEL32.DLL
0x00007ff9522d0000 - 0x00007ff9525a2000 	C:\WINDOWS\System32\KERNELBASE.dll
0x00007ff952660000 - 0x00007ff952760000 	C:\WINDOWS\System32\ucrtbase.dll
0x00007ff90fb80000 - 0x00007ff90fb99000 	C:\Users\Jaime\.jdks\corretto-11.0.18\bin\VCRUNTIME140.dll
0x00007ff90fcf0000 - 0x00007ff90fd07000 	C:\Users\Jaime\.jdks\corretto-11.0.18\bin\jli.dll
0x00007ff952a90000 - 0x00007ff952c31000 	C:\WINDOWS\System32\USER32.dll
0x00007ff93b7b0000 - 0x00007ff93ba4a000 	C:\WINDOWS\WinSxS\amd64_microsoft.windows.common-controls_6595b64144ccf1df_6.0.19041.1110_none_60b5254171f9507e\COMCTL32.dll
0x00007ff951e60000 - 0x00007ff951e82000 	C:\WINDOWS\System32\win32u.dll
0x00007ff9536f0000 - 0x00007ff95378e000 	C:\WINDOWS\System32\msvcrt.dll
0x00007ff9529b0000 - 0x00007ff9529db000 	C:\WINDOWS\System32\GDI32.dll
0x00007ff952150000 - 0x00007ff95225f000 	C:\WINDOWS\System32\gdi32full.dll
0x00007ff952080000 - 0x00007ff95211d000 	C:\WINDOWS\System32\msvcp_win.dll
0x00007ff954680000 - 0x00007ff9546b2000 	C:\WINDOWS\System32\IMM32.DLL
0x00007ff8e5620000 - 0x00007ff8e56bb000 	C:\Users\Jaime\.jdks\corretto-11.0.18\bin\msvcp140.dll
0x00007ff8ac390000 - 0x00007ff8acf1a000 	C:\Users\Jaime\.jdks\corretto-11.0.18\bin\server\jvm.dll
0x00007ff9528f0000 - 0x00007ff95299e000 	C:\WINDOWS\System32\ADVAPI32.dll
0x00007ff9529f0000 - 0x00007ff952a8c000 	C:\WINDOWS\System32\sechost.dll
0x00007ff953140000 - 0x00007ff953265000 	C:\WINDOWS\System32\RPCRT4.dll
0x00007ff9529e0000 - 0x00007ff9529e8000 	C:\WINDOWS\System32\PSAPI.DLL
0x00007ff93a290000 - 0x00007ff93a299000 	C:\WINDOWS\SYSTEM32\WSOCK32.dll
0x00007ff93e240000 - 0x00007ff93e267000 	C:\WINDOWS\SYSTEM32\WINMM.dll
0x00007ff94a750000 - 0x00007ff94a75a000 	C:\WINDOWS\SYSTEM32\VERSION.dll
0x00007ff9546c0000 - 0x00007ff95472b000 	C:\WINDOWS\System32\WS2_32.dll
0x00007ff950670000 - 0x00007ff950682000 	C:\WINDOWS\SYSTEM32\kernel.appcore.dll
0x00007ff93bae0000 - 0x00007ff93baf0000 	C:\Users\Jaime\.jdks\corretto-11.0.18\bin\verify.dll
0x00007ff950380000 - 0x00007ff950564000 	C:\WINDOWS\SYSTEM32\DBGHELP.DLL
0x00007ff946a40000 - 0x00007ff946a75000 	C:\WINDOWS\SYSTEM32\dbgcore.DLL
0x00007ff951e90000 - 0x00007ff951f12000 	C:\WINDOWS\System32\bcryptPrimitives.dll
0x00007ff90e6e0000 - 0x00007ff90e708000 	C:\Users\Jaime\.jdks\corretto-11.0.18\bin\java.dll
0x00007ff93b650000 - 0x00007ff93b65a000 	C:\Users\Jaime\.jdks\corretto-11.0.18\bin\jimage.dll
0x00007ff90f400000 - 0x00007ff90f418000 	C:\Users\Jaime\.jdks\corretto-11.0.18\bin\zip.dll
0x00007ff953790000 - 0x00007ff953ed5000 	C:\WINDOWS\System32\SHELL32.dll
0x00007ff94fbe0000 - 0x00007ff950372000 	C:\WINDOWS\SYSTEM32\windows.storage.dll
0x00007ff953390000 - 0x00007ff9536e5000 	C:\WINDOWS\System32\combase.dll
0x00007ff9518c0000 - 0x00007ff9518f0000 	C:\WINDOWS\SYSTEM32\Wldp.dll
0x00007ff9527b0000 - 0x00007ff95285d000 	C:\WINDOWS\System32\SHCORE.dll
0x00007ff953ee0000 - 0x00007ff953f35000 	C:\WINDOWS\System32\shlwapi.dll
0x00007ff951da0000 - 0x00007ff951dbf000 	C:\WINDOWS\SYSTEM32\profapi.dll
0x00007ff90dc50000 - 0x00007ff90dc69000 	C:\Users\Jaime\.jdks\corretto-11.0.18\bin\net.dll
0x00007ff948240000 - 0x00007ff94834c000 	C:\WINDOWS\SYSTEM32\WINHTTP.dll
0x00007ff9515d0000 - 0x00007ff95163a000 	C:\WINDOWS\system32\mswsock.dll
0x00007ff90da20000 - 0x00007ff90da33000 	C:\Users\Jaime\.jdks\corretto-11.0.18\bin\nio.dll
0x00007ff94c250000 - 0x00007ff94c259000 	C:\Users\Jaime\.jdks\corretto-11.0.18\bin\management.dll
0x00007ff94bac0000 - 0x00007ff94bacb000 	C:\Users\Jaime\.jdks\corretto-11.0.18\bin\management_ext.dll
0x00007ff9274b0000 - 0x00007ff9274c7000 	C:\WINDOWS\system32\napinsp.dll
0x00007ff9273d0000 - 0x00007ff9273eb000 	C:\WINDOWS\system32\pnrpnsp.dll
0x00007ff927490000 - 0x00007ff9274a5000 	C:\WINDOWS\system32\wshbth.dll
0x00007ff94d7b0000 - 0x00007ff94d7cd000 	C:\WINDOWS\system32\NLAapi.dll
0x00007ff951280000 - 0x00007ff9512bb000 	C:\WINDOWS\SYSTEM32\IPHLPAPI.DLL
0x00007ff9512c0000 - 0x00007ff95138b000 	C:\WINDOWS\SYSTEM32\DNSAPI.dll
0x00007ff9529a0000 - 0x00007ff9529a8000 	C:\WINDOWS\System32\NSI.dll
0x00007ff927470000 - 0x00007ff927482000 	C:\WINDOWS\System32\winrnr.dll
0x00007ff949320000 - 0x00007ff94932a000 	C:\Windows\System32\rasadhlp.dll
0x00007ff946150000 - 0x00007ff9461d0000 	C:\WINDOWS\System32\fwpuclnt.dll
0x00007ff952120000 - 0x00007ff952147000 	C:\WINDOWS\System32\bcrypt.dll
0x00007ff94ba90000 - 0x00007ff94bab5000 	C:\Users\Jaime\.jdks\corretto-11.0.18\bin\sunec.dll
0x00007ff951780000 - 0x00007ff951798000 	C:\WINDOWS\SYSTEM32\CRYPTSP.dll
0x00007ff950e90000 - 0x00007ff950ec4000 	C:\WINDOWS\system32\rsaenh.dll
0x00007ff951d20000 - 0x00007ff951d4e000 	C:\WINDOWS\SYSTEM32\USERENV.dll
0x00007ff9517a0000 - 0x00007ff9517ac000 	C:\WINDOWS\SYSTEM32\CRYPTBASE.dll
0x00007ff949e70000 - 0x00007ff949e87000 	C:\WINDOWS\SYSTEM32\dhcpcsvc6.DLL
0x00007ff949df0000 - 0x00007ff949e0d000 	C:\WINDOWS\SYSTEM32\dhcpcsvc.DLL
0x00007ff94b840000 - 0x00007ff94b84e000 	C:\Users\Jaime\.jdks\corretto-11.0.18\bin\sunmscapi.dll
0x00007ff951f20000 - 0x00007ff952076000 	C:\WINDOWS\System32\CRYPT32.dll
0x00007ff951930000 - 0x00007ff951957000 	C:\WINDOWS\SYSTEM32\ncrypt.dll
0x00007ff9518f0000 - 0x00007ff95192b000 	C:\WINDOWS\SYSTEM32\NTASN1.dll

dbghelp: loaded successfully - version: 4.0.5 - missing functions: none
symbol engine: initialized successfully - sym options: 0x614 - pdb path: .;C:\Users\Jaime\.jdks\corretto-11.0.18\bin;C:\WINDOWS\SYSTEM32;C:\Program Files\AVAST Software\Avast;C:\WINDOWS\WinSxS\amd64_microsoft.windows.common-controls_6595b64144ccf1df_6.0.19041.1110_none_60b5254171f9507e;C:\Users\Jaime\.jdks\corretto-11.0.18\bin\server

VM Arguments:
java_command: C:\Users\Jaime\AppData\Local\Temp\surefire11122472726271837861\surefirebooter7861961180057207810.jar C:\Users\Jaime\AppData\Local\Temp\surefire11122472726271837861 2023-03-11T15-01-40_225-jvmRun1 surefire6784641194934491989tmp surefire_02723458719025205489tmp
java_class_path (initial): C:\Users\Jaime\AppData\Local\Temp\surefire11122472726271837861\surefirebooter7861961180057207810.jar
Launcher Type: SUN_STANDARD

[Global flags]
     intx CICompilerCount                          = 4                                         {product} {ergonomic}
     uint ConcGCThreads                            = 3                                         {product} {ergonomic}
     uint G1ConcRefinementThreads                  = 10                                        {product} {ergonomic}
   size_t G1HeapRegionSize                         = 1048576                                   {product} {ergonomic}
    uintx GCDrainStackTargetSize                   = 64                                        {product} {ergonomic}
   size_t InitialHeapSize                          = 268435456                                 {product} {ergonomic}
   size_t MarkStackSize                            = 4194304                                   {product} {ergonomic}
   size_t MaxHeapSize                              = 4263510016                                {product} {ergonomic}
   size_t MaxNewSize                               = 2557476864                                {product} {ergonomic}
   size_t MinHeapDeltaBytes                        = 1048576                                   {product} {ergonomic}
    uintx NonNMethodCodeHeapSize                   = 5836300                                {pd product} {ergonomic}
    uintx NonProfiledCodeHeapSize                  = 122910970                              {pd product} {ergonomic}
    uintx ProfiledCodeHeapSize                     = 122910970                              {pd product} {ergonomic}
    uintx ReservedCodeCacheSize                    = 251658240                              {pd product} {ergonomic}
     bool SegmentedCodeCache                       = true                                      {product} {ergonomic}
     bool UseCompressedClassPointers               = true                                 {lp64_product} {ergonomic}
     bool UseCompressedOops                        = true                                 {lp64_product} {ergonomic}
     bool UseG1GC                                  = true                                      {product} {ergonomic}
     bool UseLargePagesIndividualAllocation        = false                                  {pd product} {ergonomic}

Logging:
Log output configuration:
 #0: stdout all=warning uptime,level,tags
 #1: stderr all=off uptime,level,tags

Environment Variables:
PATH=C:\Python310\Scripts\;C:\Python310\;C:\Program Files\Common Files\Oracle\Java\javapath;C:\Program Files (x86)\Common Files\Oracle\Java\javapath;C:\ProgramData\Oracle\Java\javapath;C:\Windows\system32;C:\Windows;C:\Windows\System32\Wbem;C:\Windows\System32\WindowsPowerShell\v1.0\;C:\Windows\System32\OpenSSH\;C:\WINDOWS\system32;C:\WINDOWS;C:\WINDOWS\System32\Wbem;C:\WINDOWS\System32\WindowsPowerShell\v1.0\;C:\WINDOWS\System32\OpenSSH\;C:\Program Files\AutoFirma\AutoFirma;C:\Program Files\NVIDIA Corporation\NVIDIA NvDLISR;C:\Program Files (x86)\NVIDIA Corporation\PhysX\Common;C:\Program Files\Git\cmd;C:\Program Files\nodejs\;C:\ProgramData\chocolatey\bin;D:\Program Files (x86)\BaseX\bin;C:\Program Files\Docker\Docker\resources\bin;C:\ProgramData\DockerDesktop\version-bin;C:\Users\Jaime\AppData\Local\Programs\Python\Python39\Scripts\;C:\Users\Jaime\AppData\Local\Programs\Python\Python39\;C:\Users\Jaime\AppData\Local\Programs\Python\Launcher\;C:\Users\Jaime\AppData\Local\Microsoft\WindowsApps;C:\Users\Jaime\AppData\Local\Programs\Microsoft VS Code\bin;C:\Users\Jaime\AppData\Roaming\Microsoft\Windows\Start Menu\Programs\Python 3.9;D:\Program Files\JetBrains\IntelliJ IDEA Community Edition 2021.2.3\bin;C:\Users\Jaime\AppData\Local\GitHubDesktop\bin;C:\Users\Jaime\AppData\Roaming\npm;C:\Users\Jaime\AppData\Local\JetBrains\Toolbox\scripts;C:\Users\Jaime\AppData\Local\.bvm
USERNAME=Jaime
OS=Windows_NT
PROCESSOR_IDENTIFIER=Intel64 Family 6 Model 158 Stepping 10, GenuineIntel
TMP=C:\Users\Jaime\AppData\Local\Temp
TEMP=C:\Users\Jaime\AppData\Local\Temp



---------------  S Y S T E M  ---------------

OS: Windows 10 , 64 bit Build 19041 (10.0.19041.2546)
OS uptime: 15 days 4:06 hours
Hyper-V role detected

CPU:total 12 (initial active 12) (6 cores per cpu, 2 threads per core) family 6 model 158 stepping 10 microcode 0xde, cmov, cx8, fxsr, mmx, sse, sse2, sse3, ssse3, sse4.1, sse4.2, popcnt, avx, avx2, aes, clmul, erms, 3dnowpref, lzcnt, ht, tsc, tscinvbit, bmi1, bmi2, adx, fma

Memory: 4k page, system-wide physical 16257M (391M free)
TotalPageFile size 32641M (AvailPageFile size 6M)
current process WorkingSet (physical memory assigned to process): 328M, peak: 329M
current process commit charge ("private bytes"): 464M, peak: 516M

vm_info: OpenJDK 64-Bit Server VM (11.0.18+10-LTS) for windows-amd64 JRE (11.0.18+10-LTS), built on Jan 10 2023 20:17:52 by "Administrator" with MS VC++ 15.9 (VS2017)

END.
