#
# There is insufficient memory for the Java Runtime Environment to continue.
# Native memory allocation (malloc) failed to allocate 1784496 bytes for Chunk::new
# Possible reasons:
#   The system is out of physical RAM or swap space
#   The process is running with CompressedOops enabled, and the Java Heap may be blocking the growth of the native heap
# Possible solutions:
#   Reduce memory load on the system
#   Increase physical memory or swap space
#   Check if swap backing store is full
#   Decrease Java heap size (-Xmx/-Xms)
#   Decrease number of Java threads
#   Decrease Java thread stack sizes (-Xss)
#   Set larger code cache with -XX:ReservedCodeCacheSize=
#   JVM is running with Zero Based Compressed Oops mode in which the Java heap is
#     placed in the first 32GB address space. The Java Heap base address is the
#     maximum limit for the native heap growth. Please use -XX:HeapBaseMinAddress
#     to set the Java Heap base and to place the Java Heap above 32GB virtual address.
# This output file may be truncated or incomplete.
#
#  Out of Memory Error (./src/hotspot/share/memory/arena.cpp:197), pid=10224, tid=18776
#
# JRE version: OpenJDK Runtime Environment Corretto-11.0.18.10.1 (11.0.18+10) (build 11.0.18+10-LTS)
# Java VM: OpenJDK 64-Bit Server VM Corretto-11.0.18.10.1 (11.0.18+10-LTS, mixed mode, tiered, compressed oops, g1 gc, windows-amd64)
# No core dump will be written. Minidumps are not enabled by default on client versions of Windows
#

---------------  S U M M A R Y ------------

Command Line: C:\Users\Jaime\AppData\Local\Temp\surefire18211098955364552906\surefirebooter1713504755297456523.jar C:\Users\Jaime\AppData\Local\Temp\surefire18211098955364552906 2023-03-11T14-54-26_507-jvmRun1 surefire13771155596845055374tmp surefire_03404770331928519787tmp

Host: Intel(R) Core(TM) i7-8750H CPU @ 2.20GHz, 12 cores, 15G,  Windows 10 , 64 bit Build 19041 (10.0.19041.2546)
Time: Sat Mar 11 14:54:29 2023 Hora estándar romance elapsed time: 2.553560 seconds (0d 0h 0m 2s)

---------------  T H R E A D  ---------------

Current thread (0x0000020d67f6a800):  JavaThread "C2 CompilerThread0" daemon [_thread_in_native, id=18776, stack(0x0000006376700000,0x0000006376800000)]


Current CompileTask:
C2:   2553 2293   !   4       jdk.internal.loader.BuiltinClassLoader::loadClassOrNull (143 bytes)

Stack: [0x0000006376700000,0x0000006376800000]
Native frames: (J=compiled Java code, j=interpreted, Vv=VM code, C=native code)
V  [jvm.dll+0x622d9a]
V  [jvm.dll+0x7b0289]
V  [jvm.dll+0x7b1978]
V  [jvm.dll+0x7b2053]
V  [jvm.dll+0x24fe08]
V  [jvm.dll+0xc264c]
V  [jvm.dll+0xc2c0c]
V  [jvm.dll+0x35c7a2]
V  [jvm.dll+0x328783]
V  [jvm.dll+0x327aba]
V  [jvm.dll+0x2092c3]
V  [jvm.dll+0x20841d]
V  [jvm.dll+0x18a3c1]
V  [jvm.dll+0x217ac4]
V  [jvm.dll+0x215d0b]
V  [jvm.dll+0x772d90]
V  [jvm.dll+0x76bcc4]
V  [jvm.dll+0x621c05]
C  [ucrtbase.dll+0x21bb2]
C  [KERNEL32.DLL+0x17614]
C  [ntdll.dll+0x526a1]


---------------  P R O C E S S  ---------------

Threads class SMR info:
_java_thread_list=0x0000020d6bfc4b60, length=14, elements={
0x0000020d434f1000, 0x0000020d676b8000, 0x0000020d676b0000, 0x0000020d67fbb000,
0x0000020d67fbc000, 0x0000020d67fbd800, 0x0000020d67f6a800, 0x0000020d67f6f800,
0x0000020d67fc8800, 0x0000020d68133800, 0x0000020d681be800, 0x0000020d6813b000,
0x0000020d6854f000, 0x0000020d69a4e800
}

Java Threads: ( => current thread )
  0x0000020d434f1000 JavaThread "main" [_thread_in_Java, id=25024, stack(0x0000006375b00000,0x0000006375c00000)]
  0x0000020d676b8000 JavaThread "Reference Handler" daemon [_thread_blocked, id=8020, stack(0x0000006376200000,0x0000006376300000)]
  0x0000020d676b0000 JavaThread "Finalizer" daemon [_thread_blocked, id=25584, stack(0x0000006376300000,0x0000006376400000)]
  0x0000020d67fbb000 JavaThread "Signal Dispatcher" daemon [_thread_blocked, id=19728, stack(0x0000006376400000,0x0000006376500000)]
  0x0000020d67fbc000 JavaThread "Attach Listener" daemon [_thread_blocked, id=4860, stack(0x0000006376500000,0x0000006376600000)]
  0x0000020d67fbd800 JavaThread "Service Thread" daemon [_thread_blocked, id=25948, stack(0x0000006376600000,0x0000006376700000)]
=>0x0000020d67f6a800 JavaThread "C2 CompilerThread0" daemon [_thread_in_native, id=18776, stack(0x0000006376700000,0x0000006376800000)]
  0x0000020d67f6f800 JavaThread "C1 CompilerThread0" daemon [_thread_in_native, id=7600, stack(0x0000006376800000,0x0000006376900000)]
  0x0000020d67fc8800 JavaThread "Sweeper thread" daemon [_thread_blocked, id=1820, stack(0x0000006376900000,0x0000006376a00000)]
  0x0000020d68133800 JavaThread "Common-Cleaner" daemon [_thread_blocked, id=14824, stack(0x0000006376b00000,0x0000006376c00000)]
  0x0000020d681be800 JavaThread "surefire-forkedjvm-command-thread" daemon [_thread_in_native, id=26124, stack(0x0000006376c00000,0x0000006376d00000)]
  0x0000020d6813b000 JavaThread "surefire-forkedjvm-ping-30s" daemon [_thread_blocked, id=24292, stack(0x0000006376d00000,0x0000006376e00000)]
  0x0000020d6854f000 JavaThread "C2 CompilerThread1" daemon [_thread_in_native, id=11456, stack(0x0000006376e00000,0x0000006376f00000)]
  0x0000020d69a4e800 JavaThread "C2 CompilerThread2" daemon [_thread_in_native, id=12744, stack(0x0000006376f00000,0x0000006377000000)]

Other Threads:
  0x0000020d676a6000 VMThread "VM Thread" [stack: 0x0000006376100000,0x0000006376200000] [id=14264]
  0x0000020d6812a800 WatcherThread [stack: 0x0000006376a00000,0x0000006376b00000] [id=16236]
  0x0000020d43509000 GCTaskThread "GC Thread#0" [stack: 0x0000006375c00000,0x0000006375d00000] [id=20016]
  0x0000020d69b03000 GCTaskThread "GC Thread#1" [stack: 0x0000006377000000,0x0000006377100000] [id=20876]
  0x0000020d6a05d800 GCTaskThread "GC Thread#2" [stack: 0x0000006377100000,0x0000006377200000] [id=5204]
  0x0000020d691b7000 GCTaskThread "GC Thread#3" [stack: 0x0000006377200000,0x0000006377300000] [id=15344]
  0x0000020d6a232800 GCTaskThread "GC Thread#4" [stack: 0x0000006377300000,0x0000006377400000] [id=12360]
  0x0000020d69c21000 GCTaskThread "GC Thread#5" [stack: 0x0000006377400000,0x0000006377500000] [id=15060]
  0x0000020d43567000 ConcurrentGCThread "G1 Main Marker" [stack: 0x0000006375d00000,0x0000006375e00000] [id=11412]
  0x0000020d43569800 ConcurrentGCThread "G1 Conc#0" [stack: 0x0000006375e00000,0x0000006375f00000] [id=18492]
  0x0000020d69231000 ConcurrentGCThread "G1 Conc#1" [stack: 0x0000006377500000,0x0000006377600000] [id=14328]
  0x0000020d6928e800 ConcurrentGCThread "G1 Conc#2" [stack: 0x0000006377600000,0x0000006377700000] [id=16092]
  0x0000020d67584800 ConcurrentGCThread "G1 Refine#0" [stack: 0x0000006375f00000,0x0000006376000000] [id=13376]
  0x0000020d67585800 ConcurrentGCThread "G1 Young RemSet Sampling" [stack: 0x0000006376000000,0x0000006376100000] [id=19184]

Threads with active compile tasks:
C2 CompilerThread0     2604 2293   !   4       jdk.internal.loader.BuiltinClassLoader::loadClassOrNull (143 bytes)
C1 CompilerThread0     2604 2529       3       org.springframework.beans.factory.support.AbstractBeanFactory::getBean (9 bytes)
C2 CompilerThread1     2604 2499  s    4       jdk.internal.jimage.BasicImageReader::findLocation (115 bytes)
C2 CompilerThread2     2604 2486       4       java.lang.Object::equals (11 bytes)

VM state:not at safepoint (normal execution)

VM Mutex/Monitor currently owned by a thread: None

Heap address: 0x0000000701e00000, size: 4066 MB, Compressed Oops mode: Zero based, Oop shift amount: 3
Narrow klass base: 0x0000000800000000, Narrow klass shift: 0
Compressed class space size: 1073741824 Address: 0x0000000800000000

Heap:
 garbage-first heap   total 262144K, used 43296K [0x0000000701e00000, 0x0000000800000000)
  region size 1024K, 36 young (36864K), 4 survivors (4096K)
 Metaspace       used 29878K, capacity 30855K, committed 30976K, reserved 1077248K
  class space    used 3409K, capacity 3828K, committed 3840K, reserved 1048576K
Heap Regions: E=young(eden), S=young(survivor), O=old, HS=humongous(starts), HC=humongous(continues), CS=collection set, F=free, A=archive, TAMS=top-at-mark-start (previous, next)
|   0|0x0000000701e00000, 0x0000000701f00000, 0x0000000701f00000|100%|HS|  |TAMS 0x0000000701f00000, 0x0000000701e00000| Complete 
|   1|0x0000000701f00000, 0x0000000702000000, 0x0000000702000000|100%| O|  |TAMS 0x0000000702000000, 0x0000000701f00000| Untracked 
|   2|0x0000000702000000, 0x0000000702100000, 0x0000000702100000|100%| O|  |TAMS 0x0000000702100000, 0x0000000702000000| Untracked 
|   3|0x0000000702100000, 0x0000000702200000, 0x0000000702200000|100%| O|  |TAMS 0x0000000702200000, 0x0000000702100000| Untracked 
|   4|0x0000000702200000, 0x0000000702300000, 0x0000000702300000|100%| O|  |TAMS 0x000000070227ce00, 0x0000000702200000| Untracked 
|   5|0x0000000702300000, 0x0000000702400000, 0x0000000702400000|100%| O|  |TAMS 0x0000000702300000, 0x0000000702300000| Untracked 
|   6|0x0000000702400000, 0x0000000702500000, 0x0000000702500000|100%| O|  |TAMS 0x0000000702400000, 0x0000000702400000| Untracked 
|   7|0x0000000702500000, 0x00000007025be600, 0x0000000702600000| 74%| O|  |TAMS 0x0000000702500000, 0x0000000702500000| Untracked 
|   8|0x0000000702600000, 0x0000000702600000, 0x0000000702700000|  0%| F|  |TAMS 0x0000000702600000, 0x0000000702600000| Untracked 
|   9|0x0000000702700000, 0x0000000702700000, 0x0000000702800000|  0%| F|  |TAMS 0x0000000702700000, 0x0000000702700000| Untracked 
|  10|0x0000000702800000, 0x0000000702800000, 0x0000000702900000|  0%| F|  |TAMS 0x0000000702800000, 0x0000000702800000| Untracked 
|  11|0x0000000702900000, 0x0000000702900000, 0x0000000702a00000|  0%| F|  |TAMS 0x0000000702900000, 0x0000000702900000| Untracked 
|  12|0x0000000702a00000, 0x0000000702a00000, 0x0000000702b00000|  0%| F|  |TAMS 0x0000000702a00000, 0x0000000702a00000| Untracked 
|  13|0x0000000702b00000, 0x0000000702b00000, 0x0000000702c00000|  0%| F|  |TAMS 0x0000000702b00000, 0x0000000702b00000| Untracked 
|  14|0x0000000702c00000, 0x0000000702c00000, 0x0000000702d00000|  0%| F|  |TAMS 0x0000000702c00000, 0x0000000702c00000| Untracked 
|  15|0x0000000702d00000, 0x0000000702d00000, 0x0000000702e00000|  0%| F|  |TAMS 0x0000000702d00000, 0x0000000702d00000| Untracked 
|  16|0x0000000702e00000, 0x0000000702e00000, 0x0000000702f00000|  0%| F|  |TAMS 0x0000000702e00000, 0x0000000702e00000| Untracked 
|  17|0x0000000702f00000, 0x0000000702f00000, 0x0000000703000000|  0%| F|  |TAMS 0x0000000702f00000, 0x0000000702f00000| Untracked 
|  18|0x0000000703000000, 0x0000000703000000, 0x0000000703100000|  0%| F|  |TAMS 0x0000000703000000, 0x0000000703000000| Untracked 
|  19|0x0000000703100000, 0x0000000703100000, 0x0000000703200000|  0%| F|  |TAMS 0x0000000703100000, 0x0000000703100000| Untracked 
|  20|0x0000000703200000, 0x0000000703200000, 0x0000000703300000|  0%| F|  |TAMS 0x0000000703200000, 0x0000000703200000| Untracked 
|  21|0x0000000703300000, 0x0000000703300000, 0x0000000703400000|  0%| F|  |TAMS 0x0000000703300000, 0x0000000703300000| Untracked 
|  22|0x0000000703400000, 0x0000000703400000, 0x0000000703500000|  0%| F|  |TAMS 0x0000000703400000, 0x0000000703400000| Untracked 
|  23|0x0000000703500000, 0x0000000703500000, 0x0000000703600000|  0%| F|  |TAMS 0x0000000703500000, 0x0000000703500000| Untracked 
|  24|0x0000000703600000, 0x0000000703600000, 0x0000000703700000|  0%| F|  |TAMS 0x0000000703600000, 0x0000000703600000| Untracked 
|  25|0x0000000703700000, 0x0000000703700000, 0x0000000703800000|  0%| F|  |TAMS 0x0000000703700000, 0x0000000703700000| Untracked 
|  26|0x0000000703800000, 0x0000000703800000, 0x0000000703900000|  0%| F|  |TAMS 0x0000000703800000, 0x0000000703800000| Untracked 
|  27|0x0000000703900000, 0x0000000703900000, 0x0000000703a00000|  0%| F|  |TAMS 0x0000000703900000, 0x0000000703900000| Untracked 
|  28|0x0000000703a00000, 0x0000000703a00000, 0x0000000703b00000|  0%| F|  |TAMS 0x0000000703a00000, 0x0000000703a00000| Untracked 
|  29|0x0000000703b00000, 0x0000000703b00000, 0x0000000703c00000|  0%| F|  |TAMS 0x0000000703b00000, 0x0000000703b00000| Untracked 
|  30|0x0000000703c00000, 0x0000000703c00000, 0x0000000703d00000|  0%| F|  |TAMS 0x0000000703c00000, 0x0000000703c00000| Untracked 
|  31|0x0000000703d00000, 0x0000000703d00000, 0x0000000703e00000|  0%| F|  |TAMS 0x0000000703d00000, 0x0000000703d00000| Untracked 
|  32|0x0000000703e00000, 0x0000000703e00000, 0x0000000703f00000|  0%| F|  |TAMS 0x0000000703e00000, 0x0000000703e00000| Untracked 
|  33|0x0000000703f00000, 0x0000000703f00000, 0x0000000704000000|  0%| F|  |TAMS 0x0000000703f00000, 0x0000000703f00000| Untracked 
|  34|0x0000000704000000, 0x0000000704000000, 0x0000000704100000|  0%| F|  |TAMS 0x0000000704000000, 0x0000000704000000| Untracked 
|  35|0x0000000704100000, 0x0000000704100000, 0x0000000704200000|  0%| F|  |TAMS 0x0000000704100000, 0x0000000704100000| Untracked 
|  36|0x0000000704200000, 0x0000000704200000, 0x0000000704300000|  0%| F|  |TAMS 0x0000000704200000, 0x0000000704200000| Untracked 
|  37|0x0000000704300000, 0x0000000704300000, 0x0000000704400000|  0%| F|  |TAMS 0x0000000704300000, 0x0000000704300000| Untracked 
|  38|0x0000000704400000, 0x0000000704400000, 0x0000000704500000|  0%| F|  |TAMS 0x0000000704400000, 0x0000000704400000| Untracked 
|  39|0x0000000704500000, 0x0000000704500000, 0x0000000704600000|  0%| F|  |TAMS 0x0000000704500000, 0x0000000704500000| Untracked 
|  40|0x0000000704600000, 0x0000000704600000, 0x0000000704700000|  0%| F|  |TAMS 0x0000000704600000, 0x0000000704600000| Untracked 
|  41|0x0000000704700000, 0x0000000704700000, 0x0000000704800000|  0%| F|  |TAMS 0x0000000704700000, 0x0000000704700000| Untracked 
|  42|0x0000000704800000, 0x0000000704800000, 0x0000000704900000|  0%| F|  |TAMS 0x0000000704800000, 0x0000000704800000| Untracked 
|  43|0x0000000704900000, 0x0000000704900000, 0x0000000704a00000|  0%| F|  |TAMS 0x0000000704900000, 0x0000000704900000| Untracked 
|  44|0x0000000704a00000, 0x0000000704a00000, 0x0000000704b00000|  0%| F|  |TAMS 0x0000000704a00000, 0x0000000704a00000| Untracked 
|  45|0x0000000704b00000, 0x0000000704b00000, 0x0000000704c00000|  0%| F|  |TAMS 0x0000000704b00000, 0x0000000704b00000| Untracked 
|  46|0x0000000704c00000, 0x0000000704c00000, 0x0000000704d00000|  0%| F|  |TAMS 0x0000000704c00000, 0x0000000704c00000| Untracked 
|  47|0x0000000704d00000, 0x0000000704d00000, 0x0000000704e00000|  0%| F|  |TAMS 0x0000000704d00000, 0x0000000704d00000| Untracked 
|  48|0x0000000704e00000, 0x0000000704e00000, 0x0000000704f00000|  0%| F|  |TAMS 0x0000000704e00000, 0x0000000704e00000| Untracked 
|  49|0x0000000704f00000, 0x0000000704f00000, 0x0000000705000000|  0%| F|  |TAMS 0x0000000704f00000, 0x0000000704f00000| Untracked 
|  50|0x0000000705000000, 0x0000000705000000, 0x0000000705100000|  0%| F|  |TAMS 0x0000000705000000, 0x0000000705000000| Untracked 
|  51|0x0000000705100000, 0x0000000705100000, 0x0000000705200000|  0%| F|  |TAMS 0x0000000705100000, 0x0000000705100000| Untracked 
|  52|0x0000000705200000, 0x0000000705200000, 0x0000000705300000|  0%| F|  |TAMS 0x0000000705200000, 0x0000000705200000| Untracked 
|  53|0x0000000705300000, 0x0000000705300000, 0x0000000705400000|  0%| F|  |TAMS 0x0000000705300000, 0x0000000705300000| Untracked 
|  54|0x0000000705400000, 0x0000000705400000, 0x0000000705500000|  0%| F|  |TAMS 0x0000000705400000, 0x0000000705400000| Untracked 
|  55|0x0000000705500000, 0x0000000705500000, 0x0000000705600000|  0%| F|  |TAMS 0x0000000705500000, 0x0000000705500000| Untracked 
|  56|0x0000000705600000, 0x0000000705600000, 0x0000000705700000|  0%| F|  |TAMS 0x0000000705600000, 0x0000000705600000| Untracked 
|  57|0x0000000705700000, 0x0000000705700000, 0x0000000705800000|  0%| F|  |TAMS 0x0000000705700000, 0x0000000705700000| Untracked 
|  58|0x0000000705800000, 0x0000000705800000, 0x0000000705900000|  0%| F|  |TAMS 0x0000000705800000, 0x0000000705800000| Untracked 
|  59|0x0000000705900000, 0x0000000705900000, 0x0000000705a00000|  0%| F|  |TAMS 0x0000000705900000, 0x0000000705900000| Untracked 
|  60|0x0000000705a00000, 0x0000000705a00000, 0x0000000705b00000|  0%| F|  |TAMS 0x0000000705a00000, 0x0000000705a00000| Untracked 
|  61|0x0000000705b00000, 0x0000000705b00000, 0x0000000705c00000|  0%| F|  |TAMS 0x0000000705b00000, 0x0000000705b00000| Untracked 
|  62|0x0000000705c00000, 0x0000000705c00000, 0x0000000705d00000|  0%| F|  |TAMS 0x0000000705c00000, 0x0000000705c00000| Untracked 
|  63|0x0000000705d00000, 0x0000000705d00000, 0x0000000705e00000|  0%| F|  |TAMS 0x0000000705d00000, 0x0000000705d00000| Untracked 
|  64|0x0000000705e00000, 0x0000000705e00000, 0x0000000705f00000|  0%| F|  |TAMS 0x0000000705e00000, 0x0000000705e00000| Untracked 
|  65|0x0000000705f00000, 0x0000000705f00000, 0x0000000706000000|  0%| F|  |TAMS 0x0000000705f00000, 0x0000000705f00000| Untracked 
|  66|0x0000000706000000, 0x0000000706000000, 0x0000000706100000|  0%| F|  |TAMS 0x0000000706000000, 0x0000000706000000| Untracked 
|  67|0x0000000706100000, 0x0000000706100000, 0x0000000706200000|  0%| F|  |TAMS 0x0000000706100000, 0x0000000706100000| Untracked 
|  68|0x0000000706200000, 0x0000000706200000, 0x0000000706300000|  0%| F|  |TAMS 0x0000000706200000, 0x0000000706200000| Untracked 
|  69|0x0000000706300000, 0x0000000706300000, 0x0000000706400000|  0%| F|  |TAMS 0x0000000706300000, 0x0000000706300000| Untracked 
|  70|0x0000000706400000, 0x0000000706400000, 0x0000000706500000|  0%| F|  |TAMS 0x0000000706400000, 0x0000000706400000| Untracked 
|  71|0x0000000706500000, 0x0000000706500000, 0x0000000706600000|  0%| F|  |TAMS 0x0000000706500000, 0x0000000706500000| Untracked 
|  72|0x0000000706600000, 0x0000000706600000, 0x0000000706700000|  0%| F|  |TAMS 0x0000000706600000, 0x0000000706600000| Untracked 
|  73|0x0000000706700000, 0x0000000706700000, 0x0000000706800000|  0%| F|  |TAMS 0x0000000706700000, 0x0000000706700000| Untracked 
|  74|0x0000000706800000, 0x0000000706800000, 0x0000000706900000|  0%| F|  |TAMS 0x0000000706800000, 0x0000000706800000| Untracked 
|  75|0x0000000706900000, 0x0000000706900000, 0x0000000706a00000|  0%| F|  |TAMS 0x0000000706900000, 0x0000000706900000| Untracked 
|  76|0x0000000706a00000, 0x0000000706a00000, 0x0000000706b00000|  0%| F|  |TAMS 0x0000000706a00000, 0x0000000706a00000| Untracked 
|  77|0x0000000706b00000, 0x0000000706b00000, 0x0000000706c00000|  0%| F|  |TAMS 0x0000000706b00000, 0x0000000706b00000| Untracked 
|  78|0x0000000706c00000, 0x0000000706c00000, 0x0000000706d00000|  0%| F|  |TAMS 0x0000000706c00000, 0x0000000706c00000| Untracked 
|  79|0x0000000706d00000, 0x0000000706d00000, 0x0000000706e00000|  0%| F|  |TAMS 0x0000000706d00000, 0x0000000706d00000| Untracked 
|  80|0x0000000706e00000, 0x0000000706e00000, 0x0000000706f00000|  0%| F|  |TAMS 0x0000000706e00000, 0x0000000706e00000| Untracked 
|  81|0x0000000706f00000, 0x0000000706f00000, 0x0000000707000000|  0%| F|  |TAMS 0x0000000706f00000, 0x0000000706f00000| Untracked 
|  82|0x0000000707000000, 0x0000000707000000, 0x0000000707100000|  0%| F|  |TAMS 0x0000000707000000, 0x0000000707000000| Untracked 
|  83|0x0000000707100000, 0x0000000707100000, 0x0000000707200000|  0%| F|  |TAMS 0x0000000707100000, 0x0000000707100000| Untracked 
|  84|0x0000000707200000, 0x0000000707200000, 0x0000000707300000|  0%| F|  |TAMS 0x0000000707200000, 0x0000000707200000| Untracked 
|  85|0x0000000707300000, 0x0000000707300000, 0x0000000707400000|  0%| F|  |TAMS 0x0000000707300000, 0x0000000707300000| Untracked 
|  86|0x0000000707400000, 0x0000000707400000, 0x0000000707500000|  0%| F|  |TAMS 0x0000000707400000, 0x0000000707400000| Untracked 
|  87|0x0000000707500000, 0x0000000707500000, 0x0000000707600000|  0%| F|  |TAMS 0x0000000707500000, 0x0000000707500000| Untracked 
|  88|0x0000000707600000, 0x0000000707600000, 0x0000000707700000|  0%| F|  |TAMS 0x0000000707600000, 0x0000000707600000| Untracked 
|  89|0x0000000707700000, 0x0000000707700000, 0x0000000707800000|  0%| F|  |TAMS 0x0000000707700000, 0x0000000707700000| Untracked 
|  90|0x0000000707800000, 0x0000000707800000, 0x0000000707900000|  0%| F|  |TAMS 0x0000000707800000, 0x0000000707800000| Untracked 
|  91|0x0000000707900000, 0x0000000707900000, 0x0000000707a00000|  0%| F|  |TAMS 0x0000000707900000, 0x0000000707900000| Untracked 
|  92|0x0000000707a00000, 0x0000000707a00000, 0x0000000707b00000|  0%| F|  |TAMS 0x0000000707a00000, 0x0000000707a00000| Untracked 
|  93|0x0000000707b00000, 0x0000000707b00000, 0x0000000707c00000|  0%| F|  |TAMS 0x0000000707b00000, 0x0000000707b00000| Untracked 
|  94|0x0000000707c00000, 0x0000000707c00000, 0x0000000707d00000|  0%| F|  |TAMS 0x0000000707c00000, 0x0000000707c00000| Untracked 
|  95|0x0000000707d00000, 0x0000000707d00000, 0x0000000707e00000|  0%| F|  |TAMS 0x0000000707d00000, 0x0000000707d00000| Untracked 
|  96|0x0000000707e00000, 0x0000000707e00000, 0x0000000707f00000|  0%| F|  |TAMS 0x0000000707e00000, 0x0000000707e00000| Untracked 
|  97|0x0000000707f00000, 0x0000000707f00000, 0x0000000708000000|  0%| F|  |TAMS 0x0000000707f00000, 0x0000000707f00000| Untracked 
|  98|0x0000000708000000, 0x0000000708000000, 0x0000000708100000|  0%| F|  |TAMS 0x0000000708000000, 0x0000000708000000| Untracked 
|  99|0x0000000708100000, 0x0000000708100000, 0x0000000708200000|  0%| F|  |TAMS 0x0000000708100000, 0x0000000708100000| Untracked 
| 100|0x0000000708200000, 0x0000000708200000, 0x0000000708300000|  0%| F|  |TAMS 0x0000000708200000, 0x0000000708200000| Untracked 
| 101|0x0000000708300000, 0x0000000708300000, 0x0000000708400000|  0%| F|  |TAMS 0x0000000708300000, 0x0000000708300000| Untracked 
| 102|0x0000000708400000, 0x0000000708400000, 0x0000000708500000|  0%| F|  |TAMS 0x0000000708400000, 0x0000000708400000| Untracked 
| 103|0x0000000708500000, 0x0000000708500000, 0x0000000708600000|  0%| F|  |TAMS 0x0000000708500000, 0x0000000708500000| Untracked 
| 104|0x0000000708600000, 0x0000000708600000, 0x0000000708700000|  0%| F|  |TAMS 0x0000000708600000, 0x0000000708600000| Untracked 
| 105|0x0000000708700000, 0x0000000708700000, 0x0000000708800000|  0%| F|  |TAMS 0x0000000708700000, 0x0000000708700000| Untracked 
| 106|0x0000000708800000, 0x0000000708800000, 0x0000000708900000|  0%| F|  |TAMS 0x0000000708800000, 0x0000000708800000| Untracked 
| 107|0x0000000708900000, 0x0000000708900000, 0x0000000708a00000|  0%| F|  |TAMS 0x0000000708900000, 0x0000000708900000| Untracked 
| 108|0x0000000708a00000, 0x0000000708a00000, 0x0000000708b00000|  0%| F|  |TAMS 0x0000000708a00000, 0x0000000708a00000| Untracked 
| 109|0x0000000708b00000, 0x0000000708b00000, 0x0000000708c00000|  0%| F|  |TAMS 0x0000000708b00000, 0x0000000708b00000| Untracked 
| 110|0x0000000708c00000, 0x0000000708c00000, 0x0000000708d00000|  0%| F|  |TAMS 0x0000000708c00000, 0x0000000708c00000| Untracked 
| 111|0x0000000708d00000, 0x0000000708d00000, 0x0000000708e00000|  0%| F|  |TAMS 0x0000000708d00000, 0x0000000708d00000| Untracked 
| 112|0x0000000708e00000, 0x0000000708e00000, 0x0000000708f00000|  0%| F|  |TAMS 0x0000000708e00000, 0x0000000708e00000| Untracked 
| 113|0x0000000708f00000, 0x0000000708f00000, 0x0000000709000000|  0%| F|  |TAMS 0x0000000708f00000, 0x0000000708f00000| Untracked 
| 114|0x0000000709000000, 0x0000000709000000, 0x0000000709100000|  0%| F|  |TAMS 0x0000000709000000, 0x0000000709000000| Untracked 
| 115|0x0000000709100000, 0x0000000709100000, 0x0000000709200000|  0%| F|  |TAMS 0x0000000709100000, 0x0000000709100000| Untracked 
| 116|0x0000000709200000, 0x0000000709200000, 0x0000000709300000|  0%| F|  |TAMS 0x0000000709200000, 0x0000000709200000| Untracked 
| 117|0x0000000709300000, 0x0000000709300000, 0x0000000709400000|  0%| F|  |TAMS 0x0000000709300000, 0x0000000709300000| Untracked 
| 118|0x0000000709400000, 0x0000000709400000, 0x0000000709500000|  0%| F|  |TAMS 0x0000000709400000, 0x0000000709400000| Untracked 
| 119|0x0000000709500000, 0x0000000709500000, 0x0000000709600000|  0%| F|  |TAMS 0x0000000709500000, 0x0000000709500000| Untracked 
| 120|0x0000000709600000, 0x0000000709600000, 0x0000000709700000|  0%| F|  |TAMS 0x0000000709600000, 0x0000000709600000| Untracked 
| 121|0x0000000709700000, 0x0000000709700000, 0x0000000709800000|  0%| F|  |TAMS 0x0000000709700000, 0x0000000709700000| Untracked 
| 122|0x0000000709800000, 0x0000000709800000, 0x0000000709900000|  0%| F|  |TAMS 0x0000000709800000, 0x0000000709800000| Untracked 
| 123|0x0000000709900000, 0x0000000709900000, 0x0000000709a00000|  0%| F|  |TAMS 0x0000000709900000, 0x0000000709900000| Untracked 
| 124|0x0000000709a00000, 0x0000000709a00000, 0x0000000709b00000|  0%| F|  |TAMS 0x0000000709a00000, 0x0000000709a00000| Untracked 
| 125|0x0000000709b00000, 0x0000000709b00000, 0x0000000709c00000|  0%| F|  |TAMS 0x0000000709b00000, 0x0000000709b00000| Untracked 
| 126|0x0000000709c00000, 0x0000000709c00000, 0x0000000709d00000|  0%| F|  |TAMS 0x0000000709c00000, 0x0000000709c00000| Untracked 
| 127|0x0000000709d00000, 0x0000000709d00000, 0x0000000709e00000|  0%| F|  |TAMS 0x0000000709d00000, 0x0000000709d00000| Untracked 
| 128|0x0000000709e00000, 0x0000000709e00000, 0x0000000709f00000|  0%| F|  |TAMS 0x0000000709e00000, 0x0000000709e00000| Untracked 
| 129|0x0000000709f00000, 0x0000000709f00000, 0x000000070a000000|  0%| F|  |TAMS 0x0000000709f00000, 0x0000000709f00000| Untracked 
| 130|0x000000070a000000, 0x000000070a000000, 0x000000070a100000|  0%| F|  |TAMS 0x000000070a000000, 0x000000070a000000| Untracked 
| 131|0x000000070a100000, 0x000000070a100000, 0x000000070a200000|  0%| F|  |TAMS 0x000000070a100000, 0x000000070a100000| Untracked 
| 132|0x000000070a200000, 0x000000070a200000, 0x000000070a300000|  0%| F|  |TAMS 0x000000070a200000, 0x000000070a200000| Untracked 
| 133|0x000000070a300000, 0x000000070a300000, 0x000000070a400000|  0%| F|  |TAMS 0x000000070a300000, 0x000000070a300000| Untracked 
| 134|0x000000070a400000, 0x000000070a400000, 0x000000070a500000|  0%| F|  |TAMS 0x000000070a400000, 0x000000070a400000| Untracked 
| 135|0x000000070a500000, 0x000000070a500000, 0x000000070a600000|  0%| F|  |TAMS 0x000000070a500000, 0x000000070a500000| Untracked 
| 136|0x000000070a600000, 0x000000070a600000, 0x000000070a700000|  0%| F|  |TAMS 0x000000070a600000, 0x000000070a600000| Untracked 
| 137|0x000000070a700000, 0x000000070a700000, 0x000000070a800000|  0%| F|  |TAMS 0x000000070a700000, 0x000000070a700000| Untracked 
| 138|0x000000070a800000, 0x000000070a800000, 0x000000070a900000|  0%| F|  |TAMS 0x000000070a800000, 0x000000070a800000| Untracked 
| 139|0x000000070a900000, 0x000000070a900000, 0x000000070aa00000|  0%| F|  |TAMS 0x000000070a900000, 0x000000070a900000| Untracked 
| 140|0x000000070aa00000, 0x000000070aa00000, 0x000000070ab00000|  0%| F|  |TAMS 0x000000070aa00000, 0x000000070aa00000| Untracked 
| 141|0x000000070ab00000, 0x000000070ab00000, 0x000000070ac00000|  0%| F|  |TAMS 0x000000070ab00000, 0x000000070ab00000| Untracked 
| 142|0x000000070ac00000, 0x000000070ac00000, 0x000000070ad00000|  0%| F|  |TAMS 0x000000070ac00000, 0x000000070ac00000| Untracked 
| 143|0x000000070ad00000, 0x000000070ad00000, 0x000000070ae00000|  0%| F|  |TAMS 0x000000070ad00000, 0x000000070ad00000| Untracked 
| 144|0x000000070ae00000, 0x000000070ae00000, 0x000000070af00000|  0%| F|  |TAMS 0x000000070ae00000, 0x000000070ae00000| Untracked 
| 145|0x000000070af00000, 0x000000070af00000, 0x000000070b000000|  0%| F|  |TAMS 0x000000070af00000, 0x000000070af00000| Untracked 
| 146|0x000000070b000000, 0x000000070b000000, 0x000000070b100000|  0%| F|  |TAMS 0x000000070b000000, 0x000000070b000000| Untracked 
| 147|0x000000070b100000, 0x000000070b100000, 0x000000070b200000|  0%| F|  |TAMS 0x000000070b100000, 0x000000070b100000| Untracked 
| 148|0x000000070b200000, 0x000000070b200000, 0x000000070b300000|  0%| F|  |TAMS 0x000000070b200000, 0x000000070b200000| Untracked 
| 149|0x000000070b300000, 0x000000070b300000, 0x000000070b400000|  0%| F|  |TAMS 0x000000070b300000, 0x000000070b300000| Untracked 
| 150|0x000000070b400000, 0x000000070b400000, 0x000000070b500000|  0%| F|  |TAMS 0x000000070b400000, 0x000000070b400000| Untracked 
| 151|0x000000070b500000, 0x000000070b500000, 0x000000070b600000|  0%| F|  |TAMS 0x000000070b500000, 0x000000070b500000| Untracked 
| 152|0x000000070b600000, 0x000000070b600000, 0x000000070b700000|  0%| F|  |TAMS 0x000000070b600000, 0x000000070b600000| Untracked 
| 153|0x000000070b700000, 0x000000070b700000, 0x000000070b800000|  0%| F|  |TAMS 0x000000070b700000, 0x000000070b700000| Untracked 
| 154|0x000000070b800000, 0x000000070b800000, 0x000000070b900000|  0%| F|  |TAMS 0x000000070b800000, 0x000000070b800000| Untracked 
| 155|0x000000070b900000, 0x000000070b900000, 0x000000070ba00000|  0%| F|  |TAMS 0x000000070b900000, 0x000000070b900000| Untracked 
| 156|0x000000070ba00000, 0x000000070ba00000, 0x000000070bb00000|  0%| F|  |TAMS 0x000000070ba00000, 0x000000070ba00000| Untracked 
| 157|0x000000070bb00000, 0x000000070bb00000, 0x000000070bc00000|  0%| F|  |TAMS 0x000000070bb00000, 0x000000070bb00000| Untracked 
| 158|0x000000070bc00000, 0x000000070bc00000, 0x000000070bd00000|  0%| F|  |TAMS 0x000000070bc00000, 0x000000070bc00000| Untracked 
| 159|0x000000070bd00000, 0x000000070bd00000, 0x000000070be00000|  0%| F|  |TAMS 0x000000070bd00000, 0x000000070bd00000| Untracked 
| 160|0x000000070be00000, 0x000000070be00000, 0x000000070bf00000|  0%| F|  |TAMS 0x000000070be00000, 0x000000070be00000| Untracked 
| 161|0x000000070bf00000, 0x000000070bf00000, 0x000000070c000000|  0%| F|  |TAMS 0x000000070bf00000, 0x000000070bf00000| Untracked 
| 162|0x000000070c000000, 0x000000070c000000, 0x000000070c100000|  0%| F|  |TAMS 0x000000070c000000, 0x000000070c000000| Untracked 
| 163|0x000000070c100000, 0x000000070c100000, 0x000000070c200000|  0%| F|  |TAMS 0x000000070c100000, 0x000000070c100000| Untracked 
| 164|0x000000070c200000, 0x000000070c200000, 0x000000070c300000|  0%| F|  |TAMS 0x000000070c200000, 0x000000070c200000| Untracked 
| 165|0x000000070c300000, 0x000000070c300000, 0x000000070c400000|  0%| F|  |TAMS 0x000000070c300000, 0x000000070c300000| Untracked 
| 166|0x000000070c400000, 0x000000070c400000, 0x000000070c500000|  0%| F|  |TAMS 0x000000070c400000, 0x000000070c400000| Untracked 
| 167|0x000000070c500000, 0x000000070c500000, 0x000000070c600000|  0%| F|  |TAMS 0x000000070c500000, 0x000000070c500000| Untracked 
| 168|0x000000070c600000, 0x000000070c600000, 0x000000070c700000|  0%| F|  |TAMS 0x000000070c600000, 0x000000070c600000| Untracked 
| 169|0x000000070c700000, 0x000000070c700000, 0x000000070c800000|  0%| F|  |TAMS 0x000000070c700000, 0x000000070c700000| Untracked 
| 170|0x000000070c800000, 0x000000070c800000, 0x000000070c900000|  0%| F|  |TAMS 0x000000070c800000, 0x000000070c800000| Untracked 
| 171|0x000000070c900000, 0x000000070c900000, 0x000000070ca00000|  0%| F|  |TAMS 0x000000070c900000, 0x000000070c900000| Untracked 
| 172|0x000000070ca00000, 0x000000070ca00000, 0x000000070cb00000|  0%| F|  |TAMS 0x000000070ca00000, 0x000000070ca00000| Untracked 
| 173|0x000000070cb00000, 0x000000070cb00000, 0x000000070cc00000|  0%| F|  |TAMS 0x000000070cb00000, 0x000000070cb00000| Untracked 
| 174|0x000000070cc00000, 0x000000070cc00000, 0x000000070cd00000|  0%| F|  |TAMS 0x000000070cc00000, 0x000000070cc00000| Untracked 
| 175|0x000000070cd00000, 0x000000070cd00000, 0x000000070ce00000|  0%| F|  |TAMS 0x000000070cd00000, 0x000000070cd00000| Untracked 
| 176|0x000000070ce00000, 0x000000070ce00000, 0x000000070cf00000|  0%| F|  |TAMS 0x000000070ce00000, 0x000000070ce00000| Untracked 
| 177|0x000000070cf00000, 0x000000070cf00000, 0x000000070d000000|  0%| F|  |TAMS 0x000000070cf00000, 0x000000070cf00000| Untracked 
| 178|0x000000070d000000, 0x000000070d000000, 0x000000070d100000|  0%| F|  |TAMS 0x000000070d000000, 0x000000070d000000| Untracked 
| 179|0x000000070d100000, 0x000000070d100000, 0x000000070d200000|  0%| F|  |TAMS 0x000000070d100000, 0x000000070d100000| Untracked 
| 180|0x000000070d200000, 0x000000070d200000, 0x000000070d300000|  0%| F|  |TAMS 0x000000070d200000, 0x000000070d200000| Untracked 
| 181|0x000000070d300000, 0x000000070d300000, 0x000000070d400000|  0%| F|  |TAMS 0x000000070d300000, 0x000000070d300000| Untracked 
| 182|0x000000070d400000, 0x000000070d400000, 0x000000070d500000|  0%| F|  |TAMS 0x000000070d400000, 0x000000070d400000| Untracked 
| 183|0x000000070d500000, 0x000000070d500000, 0x000000070d600000|  0%| F|  |TAMS 0x000000070d500000, 0x000000070d500000| Untracked 
| 184|0x000000070d600000, 0x000000070d600000, 0x000000070d700000|  0%| F|  |TAMS 0x000000070d600000, 0x000000070d600000| Untracked 
| 185|0x000000070d700000, 0x000000070d700000, 0x000000070d800000|  0%| F|  |TAMS 0x000000070d700000, 0x000000070d700000| Untracked 
| 186|0x000000070d800000, 0x000000070d800000, 0x000000070d900000|  0%| F|  |TAMS 0x000000070d800000, 0x000000070d800000| Untracked 
| 187|0x000000070d900000, 0x000000070d900000, 0x000000070da00000|  0%| F|  |TAMS 0x000000070d900000, 0x000000070d900000| Untracked 
| 188|0x000000070da00000, 0x000000070da00000, 0x000000070db00000|  0%| F|  |TAMS 0x000000070da00000, 0x000000070da00000| Untracked 
| 189|0x000000070db00000, 0x000000070db00000, 0x000000070dc00000|  0%| F|  |TAMS 0x000000070db00000, 0x000000070db00000| Untracked 
| 190|0x000000070dc00000, 0x000000070dc00000, 0x000000070dd00000|  0%| F|  |TAMS 0x000000070dc00000, 0x000000070dc00000| Untracked 
| 191|0x000000070dd00000, 0x000000070dd00000, 0x000000070de00000|  0%| F|  |TAMS 0x000000070dd00000, 0x000000070dd00000| Untracked 
| 192|0x000000070de00000, 0x000000070de00000, 0x000000070df00000|  0%| F|  |TAMS 0x000000070de00000, 0x000000070de00000| Untracked 
| 193|0x000000070df00000, 0x000000070df00000, 0x000000070e000000|  0%| F|  |TAMS 0x000000070df00000, 0x000000070df00000| Untracked 
| 194|0x000000070e000000, 0x000000070e000000, 0x000000070e100000|  0%| F|  |TAMS 0x000000070e000000, 0x000000070e000000| Untracked 
| 195|0x000000070e100000, 0x000000070e100000, 0x000000070e200000|  0%| F|  |TAMS 0x000000070e100000, 0x000000070e100000| Untracked 
| 196|0x000000070e200000, 0x000000070e200000, 0x000000070e300000|  0%| F|  |TAMS 0x000000070e200000, 0x000000070e200000| Untracked 
| 197|0x000000070e300000, 0x000000070e300000, 0x000000070e400000|  0%| F|  |TAMS 0x000000070e300000, 0x000000070e300000| Untracked 
| 198|0x000000070e400000, 0x000000070e400000, 0x000000070e500000|  0%| F|  |TAMS 0x000000070e400000, 0x000000070e400000| Untracked 
| 199|0x000000070e500000, 0x000000070e500000, 0x000000070e600000|  0%| F|  |TAMS 0x000000070e500000, 0x000000070e500000| Untracked 
| 200|0x000000070e600000, 0x000000070e600000, 0x000000070e700000|  0%| F|  |TAMS 0x000000070e600000, 0x000000070e600000| Untracked 
| 201|0x000000070e700000, 0x000000070e700000, 0x000000070e800000|  0%| F|  |TAMS 0x000000070e700000, 0x000000070e700000| Untracked 
| 202|0x000000070e800000, 0x000000070e800000, 0x000000070e900000|  0%| F|  |TAMS 0x000000070e800000, 0x000000070e800000| Untracked 
| 203|0x000000070e900000, 0x000000070e900000, 0x000000070ea00000|  0%| F|  |TAMS 0x000000070e900000, 0x000000070e900000| Untracked 
| 204|0x000000070ea00000, 0x000000070ea00000, 0x000000070eb00000|  0%| F|  |TAMS 0x000000070ea00000, 0x000000070ea00000| Untracked 
| 205|0x000000070eb00000, 0x000000070eb00000, 0x000000070ec00000|  0%| F|  |TAMS 0x000000070eb00000, 0x000000070eb00000| Untracked 
| 206|0x000000070ec00000, 0x000000070ec00000, 0x000000070ed00000|  0%| F|  |TAMS 0x000000070ec00000, 0x000000070ec00000| Untracked 
| 207|0x000000070ed00000, 0x000000070ed00000, 0x000000070ee00000|  0%| F|  |TAMS 0x000000070ed00000, 0x000000070ed00000| Untracked 
| 208|0x000000070ee00000, 0x000000070ee00000, 0x000000070ef00000|  0%| F|  |TAMS 0x000000070ee00000, 0x000000070ee00000| Untracked 
| 209|0x000000070ef00000, 0x000000070ef00000, 0x000000070f000000|  0%| F|  |TAMS 0x000000070ef00000, 0x000000070ef00000| Untracked 
| 210|0x000000070f000000, 0x000000070f089b50, 0x000000070f100000| 53%| S|CS|TAMS 0x000000070f000000, 0x000000070f000000| Complete 
| 211|0x000000070f100000, 0x000000070f200000, 0x000000070f200000|100%| S|CS|TAMS 0x000000070f100000, 0x000000070f100000| Complete 
| 212|0x000000070f200000, 0x000000070f300000, 0x000000070f300000|100%| S|CS|TAMS 0x000000070f200000, 0x000000070f200000| Complete 
| 213|0x000000070f300000, 0x000000070f400000, 0x000000070f400000|100%| S|CS|TAMS 0x000000070f300000, 0x000000070f300000| Complete 
| 214|0x000000070f400000, 0x000000070f400000, 0x000000070f500000|  0%| F|  |TAMS 0x000000070f400000, 0x000000070f400000| Untracked 
| 215|0x000000070f500000, 0x000000070f500000, 0x000000070f600000|  0%| F|  |TAMS 0x000000070f500000, 0x000000070f500000| Untracked 
| 216|0x000000070f600000, 0x000000070f600000, 0x000000070f700000|  0%| F|  |TAMS 0x000000070f600000, 0x000000070f600000| Untracked 
| 217|0x000000070f700000, 0x000000070f700000, 0x000000070f800000|  0%| F|  |TAMS 0x000000070f700000, 0x000000070f700000| Untracked 
| 218|0x000000070f800000, 0x000000070f800000, 0x000000070f900000|  0%| F|  |TAMS 0x000000070f800000, 0x000000070f800000| Untracked 
| 219|0x000000070f900000, 0x000000070f900000, 0x000000070fa00000|  0%| F|  |TAMS 0x000000070f900000, 0x000000070f900000| Untracked 
| 220|0x000000070fa00000, 0x000000070fa00000, 0x000000070fb00000|  0%| F|  |TAMS 0x000000070fa00000, 0x000000070fa00000| Untracked 
| 221|0x000000070fb00000, 0x000000070fb00000, 0x000000070fc00000|  0%| F|  |TAMS 0x000000070fb00000, 0x000000070fb00000| Untracked 
| 222|0x000000070fc00000, 0x000000070fc00800, 0x000000070fd00000|  0%| E|  |TAMS 0x000000070fc00000, 0x000000070fc00000| Complete 
| 223|0x000000070fd00000, 0x000000070fe00000, 0x000000070fe00000|100%| E|CS|TAMS 0x000000070fd00000, 0x000000070fd00000| Complete 
| 224|0x000000070fe00000, 0x000000070ff00000, 0x000000070ff00000|100%| E|CS|TAMS 0x000000070fe00000, 0x000000070fe00000| Complete 
| 225|0x000000070ff00000, 0x0000000710000000, 0x0000000710000000|100%| E|CS|TAMS 0x000000070ff00000, 0x000000070ff00000| Complete 
| 226|0x0000000710000000, 0x0000000710100000, 0x0000000710100000|100%| E|CS|TAMS 0x0000000710000000, 0x0000000710000000| Complete 
| 227|0x0000000710100000, 0x0000000710200000, 0x0000000710200000|100%| E|CS|TAMS 0x0000000710100000, 0x0000000710100000| Complete 
| 228|0x0000000710200000, 0x0000000710300000, 0x0000000710300000|100%| E|CS|TAMS 0x0000000710200000, 0x0000000710200000| Complete 
| 229|0x0000000710300000, 0x0000000710400000, 0x0000000710400000|100%| E|CS|TAMS 0x0000000710300000, 0x0000000710300000| Complete 
| 230|0x0000000710400000, 0x0000000710500000, 0x0000000710500000|100%| E|CS|TAMS 0x0000000710400000, 0x0000000710400000| Complete 
| 231|0x0000000710500000, 0x0000000710600000, 0x0000000710600000|100%| E|CS|TAMS 0x0000000710500000, 0x0000000710500000| Complete 
| 232|0x0000000710600000, 0x0000000710700000, 0x0000000710700000|100%| E|CS|TAMS 0x0000000710600000, 0x0000000710600000| Complete 
| 233|0x0000000710700000, 0x0000000710800000, 0x0000000710800000|100%| E|CS|TAMS 0x0000000710700000, 0x0000000710700000| Complete 
| 234|0x0000000710800000, 0x0000000710900000, 0x0000000710900000|100%| E|CS|TAMS 0x0000000710800000, 0x0000000710800000| Complete 
| 235|0x0000000710900000, 0x0000000710a00000, 0x0000000710a00000|100%| E|CS|TAMS 0x0000000710900000, 0x0000000710900000| Complete 
| 236|0x0000000710a00000, 0x0000000710b00000, 0x0000000710b00000|100%| E|CS|TAMS 0x0000000710a00000, 0x0000000710a00000| Complete 
| 237|0x0000000710b00000, 0x0000000710c00000, 0x0000000710c00000|100%| E|CS|TAMS 0x0000000710b00000, 0x0000000710b00000| Complete 
| 238|0x0000000710c00000, 0x0000000710d00000, 0x0000000710d00000|100%| E|CS|TAMS 0x0000000710c00000, 0x0000000710c00000| Complete 
| 239|0x0000000710d00000, 0x0000000710e00000, 0x0000000710e00000|100%| E|CS|TAMS 0x0000000710d00000, 0x0000000710d00000| Complete 
| 240|0x0000000710e00000, 0x0000000710f00000, 0x0000000710f00000|100%| E|CS|TAMS 0x0000000710e00000, 0x0000000710e00000| Complete 
| 241|0x0000000710f00000, 0x0000000711000000, 0x0000000711000000|100%| E|CS|TAMS 0x0000000710f00000, 0x0000000710f00000| Complete 
| 242|0x0000000711000000, 0x0000000711100000, 0x0000000711100000|100%| E|CS|TAMS 0x0000000711000000, 0x0000000711000000| Complete 
| 243|0x0000000711100000, 0x0000000711200000, 0x0000000711200000|100%| E|CS|TAMS 0x0000000711100000, 0x0000000711100000| Complete 
| 244|0x0000000711200000, 0x0000000711300000, 0x0000000711300000|100%| E|CS|TAMS 0x0000000711200000, 0x0000000711200000| Complete 
| 245|0x0000000711300000, 0x0000000711400000, 0x0000000711400000|100%| E|CS|TAMS 0x0000000711300000, 0x0000000711300000| Complete 
| 246|0x0000000711400000, 0x0000000711500000, 0x0000000711500000|100%| E|CS|TAMS 0x0000000711400000, 0x0000000711400000| Complete 
| 247|0x0000000711500000, 0x0000000711600000, 0x0000000711600000|100%| E|CS|TAMS 0x0000000711500000, 0x0000000711500000| Complete 
| 248|0x0000000711600000, 0x0000000711700000, 0x0000000711700000|100%| E|CS|TAMS 0x0000000711600000, 0x0000000711600000| Complete 
| 249|0x0000000711700000, 0x0000000711800000, 0x0000000711800000|100%| E|CS|TAMS 0x0000000711700000, 0x0000000711700000| Complete 
| 250|0x0000000711800000, 0x0000000711900000, 0x0000000711900000|100%| E|CS|TAMS 0x0000000711800000, 0x0000000711800000| Complete 
| 251|0x0000000711900000, 0x0000000711a00000, 0x0000000711a00000|100%| E|CS|TAMS 0x0000000711900000, 0x0000000711900000| Complete 
| 252|0x0000000711a00000, 0x0000000711b00000, 0x0000000711b00000|100%| E|CS|TAMS 0x0000000711a00000, 0x0000000711a00000| Complete 
| 253|0x0000000711b00000, 0x0000000711c00000, 0x0000000711c00000|100%| E|CS|TAMS 0x0000000711b00000, 0x0000000711b00000| Complete 
| 254|0x0000000711c00000, 0x0000000711d00000, 0x0000000711d00000|100%| E|CS|TAMS 0x0000000711c00000, 0x0000000711c00000| Complete 
| 255|0x0000000711d00000, 0x0000000711e00000, 0x0000000711e00000|100%| E|CS|TAMS 0x0000000711d00000, 0x0000000711d00000| Complete 

Card table byte_map: [0x0000020d5b9d0000,0x0000020d5c1d0000] _byte_map_base: 0x0000020d581c1000

Marking Bits (Prev, Next): (CMBitMap*) 0x0000020d43556680, (CMBitMap*) 0x0000020d43556648
 Prev Bits: [0x0000020d60960000, 0x0000020d648e8000)
 Next Bits: [0x0000020d5c9d0000, 0x0000020d60958000)

Polling page: 0x0000020d41680000

Metaspace:

Usage:
  Non-class:     26.46 MB capacity,    25.85 MB ( 98%) used,   506.39 KB (  2%) free+waste,   111.06 KB ( <1%) overhead. 
      Class:      3.74 MB capacity,     3.33 MB ( 89%) used,   363.20 KB (  9%) free+waste,    55.75 KB (  1%) overhead. 
       Both:     30.19 MB capacity,    29.18 MB ( 97%) used,   869.59 KB (  3%) free+waste,   166.81 KB ( <1%) overhead. 

Virtual space:
  Non-class space:       28.00 MB reserved,      26.50 MB ( 95%) committed 
      Class space:        1.00 GB reserved,       3.75 MB ( <1%) committed 
             Both:        1.03 GB reserved,      30.25 MB (  3%) committed 

Chunk freelists:
   Non-Class:  45.00 KB
       Class:  12.00 KB
        Both:  57.00 KB

MaxMetaspaceSize: 17179869184.00 GB
CompressedClassSpaceSize: 1.00 GB
Initial GC threshold: 20.80 MB
Current GC threshold: 35.00 MB
CDS: off

CodeHeap 'non-profiled nmethods': size=120000Kb used=1224Kb max_used=1224Kb free=118775Kb
 bounds [0x0000020d53740000, 0x0000020d539b0000, 0x0000020d5ac70000]
CodeHeap 'profiled nmethods': size=120000Kb used=5399Kb max_used=5399Kb free=114600Kb
 bounds [0x0000020d4c210000, 0x0000020d4c760000, 0x0000020d53740000]
CodeHeap 'non-nmethods': size=5760Kb used=1194Kb max_used=1241Kb free=4565Kb
 bounds [0x0000020d4bc70000, 0x0000020d4bee0000, 0x0000020d4c210000]
 total_blobs=2991 nmethods=2535 adapters=368
 compilation: enabled
              stopped_count=0, restarted_count=0
 full_count=0

Compilation events (20 events):
Event: 2.547 Thread 0x0000020d67f6f800 nmethod 2455 0x0000020d53864190 code [0x0000020d53864340, 0x0000020d538643f8]
Event: 2.548 Thread 0x0000020d67f6f800 2460       3       org.springframework.boot.type.classreading.ConcurrentReferenceCachingMetadataReaderFactory::getMetadataReader (38 bytes)
Event: 2.549 Thread 0x0000020d67f6f800 nmethod 2460 0x0000020d4c712b90 code [0x0000020d4c712da0, 0x0000020d4c713418]
Event: 2.549 Thread 0x0000020d67f6f800 2461       3       org.springframework.core.type.AnnotatedTypeMetadata::isAnnotated (13 bytes)
Event: 2.549 Thread 0x0000020d67f6f800 nmethod 2461 0x0000020d4c713690 code [0x0000020d4c713860, 0x0000020d4c713af8]
Event: 2.549 Thread 0x0000020d67f6f800 2462       3       java.util.stream.ReferencePipeline$3::opWrapSink (10 bytes)
Event: 2.549 Thread 0x0000020d67f6f800 nmethod 2462 0x0000020d4c713c10 code [0x0000020d4c713e00, 0x0000020d4c7143c8]
Event: 2.549 Thread 0x0000020d67f6f800 2464       3       org.springframework.boot.context.properties.source.SpringConfigurationPropertySources$$Lambda$424/0x000000080025f840::apply (12 bytes)
Event: 2.549 Thread 0x0000020d67f6f800 nmethod 2464 0x0000020d4c714590 code [0x0000020d4c714760, 0x0000020d4c7149a8]
Event: 2.549 Thread 0x0000020d67f6f800 2465       3       org.springframework.boot.context.properties.source.SpringConfigurationPropertySources::adapt (72 bytes)
Event: 2.549 Thread 0x0000020d67f6f800 nmethod 2465 0x0000020d4c714a90 code [0x0000020d4c714cc0, 0x0000020d4c715638]
Event: 2.549 Thread 0x0000020d67f6f800 2466       3       org.springframework.boot.context.properties.source.SpringConfigurationPropertySources$SourcesIterator::next (5 bytes)
Event: 2.550 Thread 0x0000020d67f6f800 nmethod 2466 0x0000020d4c715890 code [0x0000020d4c715a60, 0x0000020d4c715d38]
Event: 2.550 Thread 0x0000020d67f6f800 2467       3       org.springframework.boot.context.properties.source.SpringConfigurationPropertySources$SourcesIterator::next (24 bytes)
Event: 2.550 Thread 0x0000020d67f6f800 nmethod 2467 0x0000020d4c715e90 code [0x0000020d4c716060, 0x0000020d4c7162d8]
Event: 2.550 Thread 0x0000020d67f6f800 2463       3       java.util.stream.ReferencePipeline$3$1::<init> (11 bytes)
Event: 2.550 Thread 0x0000020d67f6f800 nmethod 2463 0x0000020d4c716410 code [0x0000020d4c716600, 0x0000020d4c716b08]
Event: 2.551 Thread 0x0000020d67f6f800 2470       3       java.util.Collections$UnmodifiableCollection::isEmpty (10 bytes)
Event: 2.551 Thread 0x0000020d67f6f800 nmethod 2470 0x0000020d4c716c90 code [0x0000020d4c716e40, 0x0000020d4c717008]
Event: 2.551 Thread 0x0000020d67f6f800 2472   !   3       org.springframework.core.io.DefaultResourceLoader::getResource (144 bytes)

GC Heap History (6 events):
Event: 0.712 GC heap before
{Heap before GC invocations=0 (full 0):
 garbage-first heap   total 262144K, used 24576K [0x0000000701e00000, 0x0000000800000000)
  region size 1024K, 24 young (24576K), 0 survivors (0K)
 Metaspace       used 12030K, capacity 12360K, committed 12544K, reserved 1060864K
  class space    used 1153K, capacity 1259K, committed 1280K, reserved 1048576K
}
Event: 0.719 GC heap after
{Heap after GC invocations=1 (full 0):
 garbage-first heap   total 262144K, used 7667K [0x0000000701e00000, 0x0000000800000000)
  region size 1024K, 3 young (3072K), 3 survivors (3072K)
 Metaspace       used 12030K, capacity 12360K, committed 12544K, reserved 1060864K
  class space    used 1153K, capacity 1259K, committed 1280K, reserved 1048576K
}
Event: 1.602 GC heap before
{Heap before GC invocations=1 (full 0):
 garbage-first heap   total 262144K, used 63987K [0x0000000701e00000, 0x0000000800000000)
  region size 1024K, 59 young (60416K), 3 survivors (3072K)
 Metaspace       used 20484K, capacity 21207K, committed 21248K, reserved 1069056K
  class space    used 2244K, capacity 2520K, committed 2560K, reserved 1048576K
}
Event: 1.610 GC heap after
{Heap after GC invocations=2 (full 0):
 garbage-first heap   total 262144K, used 10220K [0x0000000701e00000, 0x0000000800000000)
  region size 1024K, 6 young (6144K), 6 survivors (6144K)
 Metaspace       used 20484K, capacity 21207K, committed 21248K, reserved 1069056K
  class space    used 2244K, capacity 2520K, committed 2560K, reserved 1048576K
}
Event: 2.183 GC heap before
{Heap before GC invocations=3 (full 0):
 garbage-first heap   total 262144K, used 53228K [0x0000000701e00000, 0x0000000800000000)
  region size 1024K, 48 young (49152K), 6 survivors (6144K)
 Metaspace       used 27455K, capacity 28359K, committed 28672K, reserved 1075200K
  class space    used 3118K, capacity 3460K, committed 3584K, reserved 1048576K
}
Event: 2.188 GC heap after
{Heap after GC invocations=4 (full 0):
 garbage-first heap   total 262144K, used 11552K [0x0000000701e00000, 0x0000000800000000)
  region size 1024K, 4 young (4096K), 4 survivors (4096K)
 Metaspace       used 27455K, capacity 28359K, committed 28672K, reserved 1075200K
  class space    used 3118K, capacity 3460K, committed 3584K, reserved 1048576K
}

Deoptimization events (20 events):
Event: 2.476 Thread 0x0000020d434f1000 DEOPT PACKING pc=0x0000020d537c11b8 sp=0x0000006375bfbc20
Event: 2.476 Thread 0x0000020d434f1000 DEOPT UNPACKING pc=0x0000020d4bcba1af sp=0x0000006375bfbbc0 mode 2
Event: 2.480 Thread 0x0000020d434f1000 DEOPT PACKING pc=0x0000020d4c66e7a0 sp=0x0000006375bfb3a0
Event: 2.480 Thread 0x0000020d434f1000 DEOPT UNPACKING pc=0x0000020d4bcba95e sp=0x0000006375bfa8b8 mode 0
Event: 2.492 Thread 0x0000020d434f1000 Uncommon trap: trap_request=0xffffff4d fr.pc=0x0000020d537d9100 relative=0x0000000000003340
Event: 2.492 Thread 0x0000020d434f1000 Uncommon trap: reason=unstable_if action=reinterpret pc=0x0000020d537d9100 method=jdk.internal.loader.URLClassPath$FileLoader.getResource(Ljava/lang/String;Z)Ljdk/internal/loader/Resource; @ 139 c2
Event: 2.492 Thread 0x0000020d434f1000 DEOPT PACKING pc=0x0000020d537d9100 sp=0x0000006375bfa840
Event: 2.492 Thread 0x0000020d434f1000 DEOPT UNPACKING pc=0x0000020d4bcba1af sp=0x0000006375bfa7e8 mode 2
Event: 2.501 Thread 0x0000020d434f1000 Uncommon trap: trap_request=0xffffffc6 fr.pc=0x0000020d537c11b8 relative=0x0000000000000a98
Event: 2.501 Thread 0x0000020d434f1000 Uncommon trap: reason=bimorphic_or_optimized_type_check action=maybe_recompile pc=0x0000020d537c11b8 method=java.util.HashMap.putVal(ILjava/lang/Object;Ljava/lang/Object;ZZ)Ljava/lang/Object; @ 203 c2
Event: 2.501 Thread 0x0000020d434f1000 DEOPT PACKING pc=0x0000020d537c11b8 sp=0x0000006375bfbc20
Event: 2.501 Thread 0x0000020d434f1000 DEOPT UNPACKING pc=0x0000020d4bcba1af sp=0x0000006375bfbbc0 mode 2
Event: 2.512 Thread 0x0000020d434f1000 DEOPT PACKING pc=0x0000020d4c66e7a0 sp=0x0000006375bfa7f0
Event: 2.512 Thread 0x0000020d434f1000 DEOPT UNPACKING pc=0x0000020d4bcba95e sp=0x0000006375bf9d08 mode 0
Event: 2.521 Thread 0x0000020d434f1000 Uncommon trap: trap_request=0xffffffc6 fr.pc=0x0000020d537c11b8 relative=0x0000000000000a98
Event: 2.521 Thread 0x0000020d434f1000 Uncommon trap: reason=bimorphic_or_optimized_type_check action=maybe_recompile pc=0x0000020d537c11b8 method=java.util.HashMap.putVal(ILjava/lang/Object;Ljava/lang/Object;ZZ)Ljava/lang/Object; @ 203 c2
Event: 2.522 Thread 0x0000020d434f1000 DEOPT PACKING pc=0x0000020d537c11b8 sp=0x0000006375bfbad0
Event: 2.522 Thread 0x0000020d434f1000 DEOPT UNPACKING pc=0x0000020d4bcba1af sp=0x0000006375bfba70 mode 2
Event: 2.531 Thread 0x0000020d434f1000 DEOPT PACKING pc=0x0000020d4c66e7a0 sp=0x0000006375bfb080
Event: 2.531 Thread 0x0000020d434f1000 DEOPT UNPACKING pc=0x0000020d4bcba95e sp=0x0000006375bfa598 mode 0

Classes redefined (0 events):
No events

Internal exceptions (20 events):
Event: 2.105 Thread 0x0000020d434f1000 Exception <a 'java/lang/ClassNotFoundException'{0x000000070fcf8bb8}: org/springframework/context/annotation/ConfigurationClassPostProcessorCustomizer> (0x000000070fcf8bb8) thrown at [./src/hotspot/share/classfile/systemDictionary.cpp, line 230]
Event: 2.107 Thread 0x0000020d434f1000 Exception <a 'java/lang/ClassNotFoundException'{0x000000070fb22d90}: org/springframework/beans/factory/support/BeanDefinitionRegistryPostProcessorCustomizer> (0x000000070fb22d90) thrown at [./src/hotspot/share/classfile/systemDictionary.cpp, line 230]
Event: 2.107 Thread 0x0000020d434f1000 Exception <a 'java/lang/ClassNotFoundException'{0x000000070fb3ad98}: org/springframework/beans/factory/config/BeanFactoryPostProcessorCustomizer> (0x000000070fb3ad98) thrown at [./src/hotspot/share/classfile/systemDictionary.cpp, line 230]
Event: 2.109 Thread 0x0000020d434f1000 Exception <a 'java/lang/ClassNotFoundException'{0x000000070fb4e878}: org/springframework/core/PriorityOrderedCustomizer> (0x000000070fb4e878) thrown at [./src/hotspot/share/classfile/systemDictionary.cpp, line 230]
Event: 2.110 Thread 0x0000020d434f1000 Exception <a 'java/lang/ClassNotFoundException'{0x000000070fb5fc90}: org/springframework/core/OrderedCustomizer> (0x000000070fb5fc90) thrown at [./src/hotspot/share/classfile/systemDictionary.cpp, line 230]
Event: 2.111 Thread 0x0000020d434f1000 Exception <a 'java/lang/ClassNotFoundException'{0x000000070fb744f0}: org/springframework/context/ResourceLoaderAwareCustomizer> (0x000000070fb744f0) thrown at [./src/hotspot/share/classfile/systemDictionary.cpp, line 230]
Event: 2.112 Thread 0x0000020d434f1000 Exception <a 'java/lang/ClassNotFoundException'{0x000000070fbcf850}: org/springframework/beans/factory/AwareCustomizer> (0x000000070fbcf850) thrown at [./src/hotspot/share/classfile/systemDictionary.cpp, line 230]
Event: 2.112 Thread 0x0000020d434f1000 Exception <a 'java/lang/ClassNotFoundException'{0x000000070fbe4070}: org/springframework/context/ApplicationStartupAwareCustomizer> (0x000000070fbe4070) thrown at [./src/hotspot/share/classfile/systemDictionary.cpp, line 230]
Event: 2.113 Thread 0x0000020d434f1000 Exception <a 'java/lang/ClassNotFoundException'{0x000000070fbf7850}: org/springframework/beans/factory/AwareCustomizer> (0x000000070fbf7850) thrown at [./src/hotspot/share/classfile/systemDictionary.cpp, line 230]
Event: 2.113 Thread 0x0000020d434f1000 Exception <a 'java/lang/ClassNotFoundException'{0x000000070fa0cad0}: org/springframework/beans/factory/BeanClassLoaderAwareCustomizer> (0x000000070fa0cad0) thrown at [./src/hotspot/share/classfile/systemDictionary.cpp, line 230]
Event: 2.114 Thread 0x0000020d434f1000 Exception <a 'java/lang/ClassNotFoundException'{0x000000070fa20050}: org/springframework/beans/factory/AwareCustomizer> (0x000000070fa20050) thrown at [./src/hotspot/share/classfile/systemDictionary.cpp, line 230]
Event: 2.114 Thread 0x0000020d434f1000 Exception <a 'java/lang/ClassNotFoundException'{0x000000070fa33638}: org/springframework/context/EnvironmentAwareCustomizer> (0x000000070fa33638) thrown at [./src/hotspot/share/classfile/systemDictionary.cpp, line 230]
Event: 2.115 Thread 0x0000020d434f1000 Exception <a 'java/lang/ClassNotFoundException'{0x000000070fa46b30}: org/springframework/beans/factory/AwareCustomizer> (0x000000070fa46b30) thrown at [./src/hotspot/share/classfile/systemDictionary.cpp, line 230]
Event: 2.223 Thread 0x0000020d6a55d000 Exception <a 'java/lang/NoSuchMethodError'{0x0000000711a4b040}: 'long java.lang.invoke.DirectMethodHandle$Holder.invokeSpecial(java.lang.Object, java.lang.Object)'> (0x0000000711a4b040) thrown at [./src/hotspot/share/interpreter/linkResolver.cpp, line 773]
Event: 2.225 Thread 0x0000020d6a55d000 Exception <a 'java/lang/NoSuchMethodError'{0x0000000711a553f8}: 'long java.lang.invoke.DirectMethodHandle$Holder.invokeStatic(java.lang.Object, java.lang.Object)'> (0x0000000711a553f8) thrown at [./src/hotspot/share/interpreter/linkResolver.cpp, line 773]
Event: 2.226 Thread 0x0000020d6a55d000 Exception <a 'java/lang/NoSuchMethodError'{0x0000000711a58220}: 'long java.lang.invoke.DirectMethodHandle$Holder.invokeStaticInit(java.lang.Object, java.lang.Object)'> (0x0000000711a58220) thrown at [./src/hotspot/share/interpreter/linkResolver.cpp, line 773]
Event: 2.227 Thread 0x0000020d6a55d000 Exception <a 'java/lang/NoSuchMethodError'{0x0000000711a646e0}: 'long java.lang.invoke.DirectMethodHandle$Holder.invokeInterface(java.lang.Object, java.lang.Object)'> (0x0000000711a646e0) thrown at [./src/hotspot/share/interpreter/linkResolver.cpp, line 773]
Event: 2.227 Thread 0x0000020d6a55d000 Exception <a 'java/lang/IncompatibleClassChangeError'{0x0000000711a67478}: Found class java.lang.Object, but interface was expected> (0x0000000711a67478) thrown at [./src/hotspot/share/interpreter/linkResolver.cpp, line 839]
Event: 2.240 Thread 0x0000020d6a55d000 Exception <a 'java/lang/NoSuchMethodError'{0x00000007119af9c0}: 'java.lang.Object java.lang.invoke.DirectMethodHandle$Holder.invokeVirtual(java.lang.Object, java.lang.Object, java.lang.Object, java.lang.Object)'> (0x00000007119af9c0) thrown at [./src/hotspot/share/interpreter/linkResolver.cpp, line 773]
Event: 2.413 Thread 0x0000020d434f1000 Exception <a 'java/lang/IncompatibleClassChangeError'{0x0000000710c3bc68}: Found class java.lang.Object, but interface was expected> (0x0000000710c3bc68) thrown at [./src/hotspot/share/interpreter/linkResolver.cpp, line 839]

Events (20 events):
Event: 2.535 loading class org/webjars/WebJarAssetLocator
Event: 2.535 loading class org/webjars/WebJarAssetLocator done
Event: 2.535 loading class org/webjars$WebJarAssetLocator
Event: 2.535 loading class org/webjars$WebJarAssetLocator done
Event: 2.536 loading class org/springframework/boot/origin/PropertySourceOrigin
Event: 2.536 loading class org/springframework/boot/origin/PropertySourceOrigin done
Event: 2.537 loading class org/springframework/boot/context/properties/source/ConfigurationProperty
Event: 2.537 loading class org/springframework/boot/context/properties/source/ConfigurationProperty done
Event: 2.543 loading class org/aspectj/weaver/Advice
Event: 2.543 loading class org/aspectj/weaver/Advice done
Event: 2.545 loading class org/aspectj/weaver/ShadowMunger
Event: 2.545 loading class org/aspectj/weaver/ShadowMunger done
Event: 2.546 loading class org/aspectj/util/PartialOrder$PartialComparable
Event: 2.546 loading class org/aspectj/util/PartialOrder$PartialComparable done
Event: 2.546 loading class org/aspectj/weaver/IHasPosition
Event: 2.546 loading class org/aspectj/weaver/IHasPosition done
Event: 2.547 loading class org/springframework/context/annotation/EnableAspectJAutoProxy
Event: 2.547 loading class org/springframework/context/annotation/EnableAspectJAutoProxy done
Event: 2.548 loading class org/springframework/context/annotation/AspectJAutoProxyRegistrar
Event: 2.548 loading class org/springframework/context/annotation/AspectJAutoProxyRegistrar done


Dynamic libraries:
0x00007ff6bc260000 - 0x00007ff6bc26d000 	C:\Users\Jaime\.jdks\corretto-11.0.18\bin\java.exe
0x00007ff954770000 - 0x00007ff954968000 	C:\WINDOWS\SYSTEM32\ntdll.dll
0x00007ff911f50000 - 0x00007ff911f67000 	C:\Program Files\AVAST Software\Avast\aswhook.dll
0x00007ff952eb0000 - 0x00007ff952f6f000 	C:\WINDOWS\System32\KERNEL32.DLL
0x00007ff9522d0000 - 0x00007ff9525a2000 	C:\WINDOWS\System32\KERNELBASE.dll
0x00007ff952660000 - 0x00007ff952760000 	C:\WINDOWS\System32\ucrtbase.dll
0x00007ff90fb80000 - 0x00007ff90fb99000 	C:\Users\Jaime\.jdks\corretto-11.0.18\bin\VCRUNTIME140.dll
0x00007ff90fcf0000 - 0x00007ff90fd07000 	C:\Users\Jaime\.jdks\corretto-11.0.18\bin\jli.dll
0x00007ff952a90000 - 0x00007ff952c31000 	C:\WINDOWS\System32\USER32.dll
0x00007ff951e60000 - 0x00007ff951e82000 	C:\WINDOWS\System32\win32u.dll
0x00007ff93b7b0000 - 0x00007ff93ba4a000 	C:\WINDOWS\WinSxS\amd64_microsoft.windows.common-controls_6595b64144ccf1df_6.0.19041.1110_none_60b5254171f9507e\COMCTL32.dll
0x00007ff9529b0000 - 0x00007ff9529db000 	C:\WINDOWS\System32\GDI32.dll
0x00007ff9536f0000 - 0x00007ff95378e000 	C:\WINDOWS\System32\msvcrt.dll
0x00007ff952150000 - 0x00007ff95225f000 	C:\WINDOWS\System32\gdi32full.dll
0x00007ff952080000 - 0x00007ff95211d000 	C:\WINDOWS\System32\msvcp_win.dll
0x00007ff954680000 - 0x00007ff9546b2000 	C:\WINDOWS\System32\IMM32.DLL
0x00007ff8e5620000 - 0x00007ff8e56bb000 	C:\Users\Jaime\.jdks\corretto-11.0.18\bin\msvcp140.dll
0x00007ff8ac390000 - 0x00007ff8acf1a000 	C:\Users\Jaime\.jdks\corretto-11.0.18\bin\server\jvm.dll
0x00007ff9528f0000 - 0x00007ff95299e000 	C:\WINDOWS\System32\ADVAPI32.dll
0x00007ff9529f0000 - 0x00007ff952a8c000 	C:\WINDOWS\System32\sechost.dll
0x00007ff953140000 - 0x00007ff953265000 	C:\WINDOWS\System32\RPCRT4.dll
0x00007ff9529e0000 - 0x00007ff9529e8000 	C:\WINDOWS\System32\PSAPI.DLL
0x00007ff93a290000 - 0x00007ff93a299000 	C:\WINDOWS\SYSTEM32\WSOCK32.dll
0x00007ff93e240000 - 0x00007ff93e267000 	C:\WINDOWS\SYSTEM32\WINMM.dll
0x00007ff94a750000 - 0x00007ff94a75a000 	C:\WINDOWS\SYSTEM32\VERSION.dll
0x00007ff9546c0000 - 0x00007ff95472b000 	C:\WINDOWS\System32\WS2_32.dll
0x00007ff950670000 - 0x00007ff950682000 	C:\WINDOWS\SYSTEM32\kernel.appcore.dll
0x00007ff93bae0000 - 0x00007ff93baf0000 	C:\Users\Jaime\.jdks\corretto-11.0.18\bin\verify.dll
0x00007ff950380000 - 0x00007ff950564000 	C:\WINDOWS\SYSTEM32\DBGHELP.DLL
0x00007ff946a40000 - 0x00007ff946a75000 	C:\WINDOWS\SYSTEM32\dbgcore.DLL
0x00007ff951e90000 - 0x00007ff951f12000 	C:\WINDOWS\System32\bcryptPrimitives.dll
0x00007ff90e6e0000 - 0x00007ff90e708000 	C:\Users\Jaime\.jdks\corretto-11.0.18\bin\java.dll
0x00007ff93b650000 - 0x00007ff93b65a000 	C:\Users\Jaime\.jdks\corretto-11.0.18\bin\jimage.dll
0x00007ff90f400000 - 0x00007ff90f418000 	C:\Users\Jaime\.jdks\corretto-11.0.18\bin\zip.dll
0x00007ff953790000 - 0x00007ff953ed5000 	C:\WINDOWS\System32\SHELL32.dll
0x00007ff94fbe0000 - 0x00007ff950372000 	C:\WINDOWS\SYSTEM32\windows.storage.dll
0x00007ff953390000 - 0x00007ff9536e5000 	C:\WINDOWS\System32\combase.dll
0x00007ff9518c0000 - 0x00007ff9518f0000 	C:\WINDOWS\SYSTEM32\Wldp.dll
0x00007ff9527b0000 - 0x00007ff95285d000 	C:\WINDOWS\System32\SHCORE.dll
0x00007ff953ee0000 - 0x00007ff953f35000 	C:\WINDOWS\System32\shlwapi.dll
0x00007ff951da0000 - 0x00007ff951dbf000 	C:\WINDOWS\SYSTEM32\profapi.dll
0x00007ff90dc50000 - 0x00007ff90dc69000 	C:\Users\Jaime\.jdks\corretto-11.0.18\bin\net.dll
0x00007ff948240000 - 0x00007ff94834c000 	C:\WINDOWS\SYSTEM32\WINHTTP.dll
0x00007ff9515d0000 - 0x00007ff95163a000 	C:\WINDOWS\system32\mswsock.dll
0x00007ff90da20000 - 0x00007ff90da33000 	C:\Users\Jaime\.jdks\corretto-11.0.18\bin\nio.dll
0x00007ff94c250000 - 0x00007ff94c259000 	C:\Users\Jaime\.jdks\corretto-11.0.18\bin\management.dll
0x00007ff94bac0000 - 0x00007ff94bacb000 	C:\Users\Jaime\.jdks\corretto-11.0.18\bin\management_ext.dll
0x00007ff9274b0000 - 0x00007ff9274c7000 	C:\WINDOWS\system32\napinsp.dll
0x00007ff9273d0000 - 0x00007ff9273eb000 	C:\WINDOWS\system32\pnrpnsp.dll
0x00007ff927490000 - 0x00007ff9274a5000 	C:\WINDOWS\system32\wshbth.dll
0x00007ff94d7b0000 - 0x00007ff94d7cd000 	C:\WINDOWS\system32\NLAapi.dll
0x00007ff951280000 - 0x00007ff9512bb000 	C:\WINDOWS\SYSTEM32\IPHLPAPI.DLL
0x00007ff9512c0000 - 0x00007ff95138b000 	C:\WINDOWS\SYSTEM32\DNSAPI.dll
0x00007ff9529a0000 - 0x00007ff9529a8000 	C:\WINDOWS\System32\NSI.dll
0x00007ff927470000 - 0x00007ff927482000 	C:\WINDOWS\System32\winrnr.dll
0x00007ff949320000 - 0x00007ff94932a000 	C:\Windows\System32\rasadhlp.dll
0x00007ff946150000 - 0x00007ff9461d0000 	C:\WINDOWS\System32\fwpuclnt.dll
0x00007ff952120000 - 0x00007ff952147000 	C:\WINDOWS\System32\bcrypt.dll

dbghelp: loaded successfully - version: 4.0.5 - missing functions: none
symbol engine: initialized successfully - sym options: 0x614 - pdb path: .;C:\Users\Jaime\.jdks\corretto-11.0.18\bin;C:\WINDOWS\SYSTEM32;C:\Program Files\AVAST Software\Avast;C:\WINDOWS\WinSxS\amd64_microsoft.windows.common-controls_6595b64144ccf1df_6.0.19041.1110_none_60b5254171f9507e;C:\Users\Jaime\.jdks\corretto-11.0.18\bin\server

VM Arguments:
java_command: C:\Users\Jaime\AppData\Local\Temp\surefire18211098955364552906\surefirebooter1713504755297456523.jar C:\Users\Jaime\AppData\Local\Temp\surefire18211098955364552906 2023-03-11T14-54-26_507-jvmRun1 surefire13771155596845055374tmp surefire_03404770331928519787tmp
java_class_path (initial): C:\Users\Jaime\AppData\Local\Temp\surefire18211098955364552906\surefirebooter1713504755297456523.jar
Launcher Type: SUN_STANDARD

[Global flags]
     intx CICompilerCount                          = 4                                         {product} {ergonomic}
     uint ConcGCThreads                            = 3                                         {product} {ergonomic}
     uint G1ConcRefinementThreads                  = 10                                        {product} {ergonomic}
   size_t G1HeapRegionSize                         = 1048576                                   {product} {ergonomic}
    uintx GCDrainStackTargetSize                   = 64                                        {product} {ergonomic}
   size_t InitialHeapSize                          = 268435456                                 {product} {ergonomic}
   size_t MarkStackSize                            = 4194304                                   {product} {ergonomic}
   size_t MaxHeapSize                              = 4263510016                                {product} {ergonomic}
   size_t MaxNewSize                               = 2557476864                                {product} {ergonomic}
   size_t MinHeapDeltaBytes                        = 1048576                                   {product} {ergonomic}
    uintx NonNMethodCodeHeapSize                   = 5836300                                {pd product} {ergonomic}
    uintx NonProfiledCodeHeapSize                  = 122910970                              {pd product} {ergonomic}
    uintx ProfiledCodeHeapSize                     = 122910970                              {pd product} {ergonomic}
    uintx ReservedCodeCacheSize                    = 251658240                              {pd product} {ergonomic}
     bool SegmentedCodeCache                       = true                                      {product} {ergonomic}
     bool UseCompressedClassPointers               = true                                 {lp64_product} {ergonomic}
     bool UseCompressedOops                        = true                                 {lp64_product} {ergonomic}
     bool UseG1GC                                  = true                                      {product} {ergonomic}
     bool UseLargePagesIndividualAllocation        = false                                  {pd product} {ergonomic}

Logging:
Log output configuration:
 #0: stdout all=warning uptime,level,tags
 #1: stderr all=off uptime,level,tags

Environment Variables:
PATH=C:\Python310\Scripts\;C:\Python310\;C:\Program Files\Common Files\Oracle\Java\javapath;C:\Program Files (x86)\Common Files\Oracle\Java\javapath;C:\ProgramData\Oracle\Java\javapath;C:\Windows\system32;C:\Windows;C:\Windows\System32\Wbem;C:\Windows\System32\WindowsPowerShell\v1.0\;C:\Windows\System32\OpenSSH\;C:\WINDOWS\system32;C:\WINDOWS;C:\WINDOWS\System32\Wbem;C:\WINDOWS\System32\WindowsPowerShell\v1.0\;C:\WINDOWS\System32\OpenSSH\;C:\Program Files\AutoFirma\AutoFirma;C:\Program Files\NVIDIA Corporation\NVIDIA NvDLISR;C:\Program Files (x86)\NVIDIA Corporation\PhysX\Common;C:\Program Files\Git\cmd;C:\Program Files\nodejs\;C:\ProgramData\chocolatey\bin;D:\Program Files (x86)\BaseX\bin;C:\Program Files\Docker\Docker\resources\bin;C:\ProgramData\DockerDesktop\version-bin;C:\Users\Jaime\AppData\Local\Programs\Python\Python39\Scripts\;C:\Users\Jaime\AppData\Local\Programs\Python\Python39\;C:\Users\Jaime\AppData\Local\Programs\Python\Launcher\;C:\Users\Jaime\AppData\Local\Microsoft\WindowsApps;C:\Users\Jaime\AppData\Local\Programs\Microsoft VS Code\bin;C:\Users\Jaime\AppData\Roaming\Microsoft\Windows\Start Menu\Programs\Python 3.9;D:\Program Files\JetBrains\IntelliJ IDEA Community Edition 2021.2.3\bin;C:\Users\Jaime\AppData\Local\GitHubDesktop\bin;C:\Users\Jaime\AppData\Roaming\npm;C:\Users\Jaime\AppData\Local\JetBrains\Toolbox\scripts;C:\Users\Jaime\AppData\Local\.bvm
USERNAME=Jaime
OS=Windows_NT
PROCESSOR_IDENTIFIER=Intel64 Family 6 Model 158 Stepping 10, GenuineIntel
TMP=C:\Users\Jaime\AppData\Local\Temp
TEMP=C:\Users\Jaime\AppData\Local\Temp



---------------  S Y S T E M  ---------------

OS: Windows 10 , 64 bit Build 19041 (10.0.19041.2546)
OS uptime: 15 days 3:59 hours
Hyper-V role detected

CPU:total 12 (initial active 12) (6 cores per cpu, 2 threads per core) family 6 model 158 stepping 10 microcode 0xde, cmov, cx8, fxsr, mmx, sse, sse2, sse3, ssse3, sse4.1, sse4.2, popcnt, avx, avx2, aes, clmul, erms, 3dnowpref, lzcnt, ht, tsc, tscinvbit, bmi1, bmi2, adx, fma

Memory: 4k page, system-wide physical 16257M (835M free)
TotalPageFile size 32641M (AvailPageFile size 4M)
current process WorkingSet (physical memory assigned to process): 197M, peak: 197M
current process commit charge ("private bytes"): 429M, peak: 430M

vm_info: OpenJDK 64-Bit Server VM (11.0.18+10-LTS) for windows-amd64 JRE (11.0.18+10-LTS), built on Jan 10 2023 20:17:52 by "Administrator" with MS VC++ 15.9 (VS2017)

END.
