#
# There is insufficient memory for the Java Runtime Environment to continue.
# Native memory allocation (mmap) failed to map 268435456 bytes for Failed to commit area from 0x0000000701e00000 to 0x0000000711e00000 of length 268435456.
# Possible reasons:
#   The system is out of physical RAM or swap space
#   The process is running with CompressedOops enabled, and the Java Heap may be blocking the growth of the native heap
# Possible solutions:
#   Reduce memory load on the system
#   Increase physical memory or swap space
#   Check if swap backing store is full
#   Decrease Java heap size (-Xmx/-Xms)
#   Decrease number of Java threads
#   Decrease Java thread stack sizes (-Xss)
#   Set larger code cache with -XX:ReservedCodeCacheSize=
# This output file may be truncated or incomplete.
#
#  Out of Memory Error (./src/hotspot/os/windows/os_windows.cpp:3386), pid=25128, tid=23328
#
# JRE version:  (11.0.18+10) (build )
# Java VM: OpenJDK 64-Bit Server VM (11.0.18+10-LTS, mixed mode, sharing, tiered, compressed oops, g1 gc, windows-amd64)
# No core dump will be written. Minidumps are not enabled by default on client versions of Windows
#

---------------  S U M M A R Y ------------

Command Line: C:\Users\Jaime\AppData\Local\Temp\surefire15206518995422070481\surefirebooter9833331684673442939.jar C:\Users\Jaime\AppData\Local\Temp\surefire15206518995422070481 2023-03-11T14-55-10_870-jvmRun1 surefire11165839606408002468tmp surefire_016425677165728364733tmp

Host: Intel(R) Core(TM) i7-8750H CPU @ 2.20GHz, 12 cores, 15G,  Windows 10 , 64 bit Build 19041 (10.0.19041.2546)
Time: Sat Mar 11 14:55:11 2023 Hora estándar romance elapsed time: 0.014241 seconds (0d 0h 0m 0s)

---------------  T H R E A D  ---------------

Current thread (0x00000275d8613000):  JavaThread "Unknown thread" [_thread_in_vm, id=23328, stack(0x000000b1b5d00000,0x000000b1b5e00000)]

Stack: [0x000000b1b5d00000,0x000000b1b5e00000]
Native frames: (J=compiled Java code, j=interpreted, Vv=VM code, C=native code)
V  [jvm.dll+0x622d9a]
V  [jvm.dll+0x7b0289]
V  [jvm.dll+0x7b1978]
V  [jvm.dll+0x7b2053]
V  [jvm.dll+0x24fe08]
V  [jvm.dll+0x6200aa]
V  [jvm.dll+0x614665]
V  [jvm.dll+0x30a3ec]
V  [jvm.dll+0x30a272]
V  [jvm.dll+0x30ef86]
V  [jvm.dll+0x35552f]
V  [jvm.dll+0x354f60]
V  [jvm.dll+0x2e7408]
V  [jvm.dll+0x2e8566]
V  [jvm.dll+0x78a0d7]
V  [jvm.dll+0x78b85f]
V  [jvm.dll+0x362279]
V  [jvm.dll+0x76d040]
V  [jvm.dll+0x3d0bbf]
V  [jvm.dll+0x3d2f51]
C  [jli.dll+0x5207]
C  [ucrtbase.dll+0x21bb2]
C  [KERNEL32.DLL+0x17614]
C  [ntdll.dll+0x526a1]


---------------  P R O C E S S  ---------------

Threads class SMR info:
_java_thread_list=0x00000275d6393120, length=0, elements={
}

Java Threads: ( => current thread )

Other Threads:
  0x00000275d862a800 GCTaskThread "GC Thread#0" [stack: 0x000000b1b5e00000,0x000000b1b5f00000] [id=13960]
  0x00000275d868a000 ConcurrentGCThread "G1 Main Marker" [stack: 0x000000b1b5f00000,0x000000b1b6000000] [id=23868]
  0x00000275d868b800 ConcurrentGCThread "G1 Conc#0" [stack: 0x000000b1b6000000,0x000000b1b6100000] [id=6416]

[error occurred during error reporting (printing all threads), id 0xc0000005, EXCEPTION_ACCESS_VIOLATION (0xc0000005) at pc=0x00007ff8ac686bd7]

VM state:not at safepoint (not fully initialized)

VM Mutex/Monitor currently owned by a thread:  ([mutex/lock_event])
[0x00000275d86106d0] Heap_lock - owner thread: 0x00000275d8613000

Heap address: 0x0000000701e00000, size: 4066 MB, Compressed Oops mode: Non-zero based: 0x0000000701e00000
Narrow klass base: 0x0000000000000000, Narrow klass shift: 0

GC Heap History (0 events):
No events

Deoptimization events (0 events):
No events

Classes redefined (0 events):
No events

Internal exceptions (0 events):
No events

Events (1 events):
Event: 0.008 Loaded shared library C:\Users\Jaime\.jdks\corretto-11.0.18\bin\zip.dll


Dynamic libraries:
0x00007ff6bc260000 - 0x00007ff6bc26d000 	C:\Users\Jaime\.jdks\corretto-11.0.18\bin\java.exe
0x00007ff954770000 - 0x00007ff954968000 	C:\WINDOWS\SYSTEM32\ntdll.dll
0x00007ff911f50000 - 0x00007ff911f67000 	C:\Program Files\AVAST Software\Avast\aswhook.dll
0x00007ff952eb0000 - 0x00007ff952f6f000 	C:\WINDOWS\System32\KERNEL32.DLL
0x00007ff9522d0000 - 0x00007ff9525a2000 	C:\WINDOWS\System32\KERNELBASE.dll
0x00007ff952660000 - 0x00007ff952760000 	C:\WINDOWS\System32\ucrtbase.dll
0x00007ff90fcf0000 - 0x00007ff90fd07000 	C:\Users\Jaime\.jdks\corretto-11.0.18\bin\jli.dll
0x00007ff90fb80000 - 0x00007ff90fb99000 	C:\Users\Jaime\.jdks\corretto-11.0.18\bin\VCRUNTIME140.dll
0x00007ff952a90000 - 0x00007ff952c31000 	C:\WINDOWS\System32\USER32.dll
0x00007ff93b7b0000 - 0x00007ff93ba4a000 	C:\WINDOWS\WinSxS\amd64_microsoft.windows.common-controls_6595b64144ccf1df_6.0.19041.1110_none_60b5254171f9507e\COMCTL32.dll
0x00007ff951e60000 - 0x00007ff951e82000 	C:\WINDOWS\System32\win32u.dll
0x00007ff9536f0000 - 0x00007ff95378e000 	C:\WINDOWS\System32\msvcrt.dll
0x00007ff9529b0000 - 0x00007ff9529db000 	C:\WINDOWS\System32\GDI32.dll
0x00007ff952150000 - 0x00007ff95225f000 	C:\WINDOWS\System32\gdi32full.dll
0x00007ff952080000 - 0x00007ff95211d000 	C:\WINDOWS\System32\msvcp_win.dll
0x00007ff954680000 - 0x00007ff9546b2000 	C:\WINDOWS\System32\IMM32.DLL
0x00007ff8e5620000 - 0x00007ff8e56bb000 	C:\Users\Jaime\.jdks\corretto-11.0.18\bin\msvcp140.dll
0x00007ff8ac390000 - 0x00007ff8acf1a000 	C:\Users\Jaime\.jdks\corretto-11.0.18\bin\server\jvm.dll
0x00007ff9528f0000 - 0x00007ff95299e000 	C:\WINDOWS\System32\ADVAPI32.dll
0x00007ff9529f0000 - 0x00007ff952a8c000 	C:\WINDOWS\System32\sechost.dll
0x00007ff953140000 - 0x00007ff953265000 	C:\WINDOWS\System32\RPCRT4.dll
0x00007ff9529e0000 - 0x00007ff9529e8000 	C:\WINDOWS\System32\PSAPI.DLL
0x00007ff93a290000 - 0x00007ff93a299000 	C:\WINDOWS\SYSTEM32\WSOCK32.dll
0x00007ff94a750000 - 0x00007ff94a75a000 	C:\WINDOWS\SYSTEM32\VERSION.dll
0x00007ff93e240000 - 0x00007ff93e267000 	C:\WINDOWS\SYSTEM32\WINMM.dll
0x00007ff9546c0000 - 0x00007ff95472b000 	C:\WINDOWS\System32\WS2_32.dll
0x00007ff950670000 - 0x00007ff950682000 	C:\WINDOWS\SYSTEM32\kernel.appcore.dll
0x00007ff93bae0000 - 0x00007ff93baf0000 	C:\Users\Jaime\.jdks\corretto-11.0.18\bin\verify.dll
0x00007ff950380000 - 0x00007ff950564000 	C:\WINDOWS\SYSTEM32\DBGHELP.DLL
0x00007ff946a40000 - 0x00007ff946a75000 	C:\WINDOWS\SYSTEM32\dbgcore.DLL
0x00007ff951e90000 - 0x00007ff951f12000 	C:\WINDOWS\System32\bcryptPrimitives.dll
0x00007ff90e6e0000 - 0x00007ff90e708000 	C:\Users\Jaime\.jdks\corretto-11.0.18\bin\java.dll
0x00007ff93b650000 - 0x00007ff93b65a000 	C:\Users\Jaime\.jdks\corretto-11.0.18\bin\jimage.dll
0x00007ff90f400000 - 0x00007ff90f418000 	C:\Users\Jaime\.jdks\corretto-11.0.18\bin\zip.dll

dbghelp: loaded successfully - version: 4.0.5 - missing functions: none
symbol engine: initialized successfully - sym options: 0x614 - pdb path: .;C:\Users\Jaime\.jdks\corretto-11.0.18\bin;C:\WINDOWS\SYSTEM32;C:\Program Files\AVAST Software\Avast;C:\WINDOWS\WinSxS\amd64_microsoft.windows.common-controls_6595b64144ccf1df_6.0.19041.1110_none_60b5254171f9507e;C:\Users\Jaime\.jdks\corretto-11.0.18\bin\server

VM Arguments:
java_command: C:\Users\Jaime\AppData\Local\Temp\surefire15206518995422070481\surefirebooter9833331684673442939.jar C:\Users\Jaime\AppData\Local\Temp\surefire15206518995422070481 2023-03-11T14-55-10_870-jvmRun1 surefire11165839606408002468tmp surefire_016425677165728364733tmp
java_class_path (initial): C:\Users\Jaime\AppData\Local\Temp\surefire15206518995422070481\surefirebooter9833331684673442939.jar
Launcher Type: SUN_STANDARD

[Global flags]
     intx CICompilerCount                          = 4                                         {product} {ergonomic}
     uint ConcGCThreads                            = 3                                         {product} {ergonomic}
     uint G1ConcRefinementThreads                  = 10                                        {product} {ergonomic}
   size_t G1HeapRegionSize                         = 1048576                                   {product} {ergonomic}
    uintx GCDrainStackTargetSize                   = 64                                        {product} {ergonomic}
   size_t InitialHeapSize                          = 268435456                                 {product} {ergonomic}
   size_t MarkStackSize                            = 4194304                                   {product} {ergonomic}
   size_t MaxHeapSize                              = 4263510016                                {product} {ergonomic}
   size_t MinHeapDeltaBytes                        = 1048576                                   {product} {ergonomic}
    uintx NonNMethodCodeHeapSize                   = 5836300                                {pd product} {ergonomic}
    uintx NonProfiledCodeHeapSize                  = 122910970                              {pd product} {ergonomic}
    uintx ProfiledCodeHeapSize                     = 122910970                              {pd product} {ergonomic}
    uintx ReservedCodeCacheSize                    = 251658240                              {pd product} {ergonomic}
     bool SegmentedCodeCache                       = true                                      {product} {ergonomic}
     bool UseCompressedClassPointers               = true                                 {lp64_product} {ergonomic}
     bool UseCompressedOops                        = true                                 {lp64_product} {ergonomic}
     bool UseG1GC                                  = true                                      {product} {ergonomic}
     bool UseLargePagesIndividualAllocation        = false                                  {pd product} {ergonomic}

Logging:
Log output configuration:
 #0: stdout all=warning uptime,level,tags
 #1: stderr all=off uptime,level,tags

Environment Variables:
PATH=C:\Python310\Scripts\;C:\Python310\;C:\Program Files\Common Files\Oracle\Java\javapath;C:\Program Files (x86)\Common Files\Oracle\Java\javapath;C:\ProgramData\Oracle\Java\javapath;C:\Windows\system32;C:\Windows;C:\Windows\System32\Wbem;C:\Windows\System32\WindowsPowerShell\v1.0\;C:\Windows\System32\OpenSSH\;C:\WINDOWS\system32;C:\WINDOWS;C:\WINDOWS\System32\Wbem;C:\WINDOWS\System32\WindowsPowerShell\v1.0\;C:\WINDOWS\System32\OpenSSH\;C:\Program Files\AutoFirma\AutoFirma;C:\Program Files\NVIDIA Corporation\NVIDIA NvDLISR;C:\Program Files (x86)\NVIDIA Corporation\PhysX\Common;C:\Program Files\Git\cmd;C:\Program Files\nodejs\;C:\ProgramData\chocolatey\bin;D:\Program Files (x86)\BaseX\bin;C:\Program Files\Docker\Docker\resources\bin;C:\ProgramData\DockerDesktop\version-bin;C:\Users\Jaime\AppData\Local\Programs\Python\Python39\Scripts\;C:\Users\Jaime\AppData\Local\Programs\Python\Python39\;C:\Users\Jaime\AppData\Local\Programs\Python\Launcher\;C:\Users\Jaime\AppData\Local\Microsoft\WindowsApps;C:\Users\Jaime\AppData\Local\Programs\Microsoft VS Code\bin;C:\Users\Jaime\AppData\Roaming\Microsoft\Windows\Start Menu\Programs\Python 3.9;D:\Program Files\JetBrains\IntelliJ IDEA Community Edition 2021.2.3\bin;C:\Users\Jaime\AppData\Local\GitHubDesktop\bin;C:\Users\Jaime\AppData\Roaming\npm;C:\Users\Jaime\AppData\Local\JetBrains\Toolbox\scripts;C:\Users\Jaime\AppData\Local\.bvm
USERNAME=Jaime
OS=Windows_NT
PROCESSOR_IDENTIFIER=Intel64 Family 6 Model 158 Stepping 10, GenuineIntel
TMP=C:\Users\Jaime\AppData\Local\Temp
TEMP=C:\Users\Jaime\AppData\Local\Temp



---------------  S Y S T E M  ---------------

OS: Windows 10 , 64 bit Build 19041 (10.0.19041.2546)
OS uptime: 15 days 4:00 hours
Hyper-V role detected

CPU:total 12 (initial active 12) (6 cores per cpu, 2 threads per core) family 6 model 158 stepping 10 microcode 0xde, cmov, cx8, fxsr, mmx, sse, sse2, sse3, ssse3, sse4.1, sse4.2, popcnt, avx, avx2, aes, clmul, erms, 3dnowpref, lzcnt, ht, tsc, tscinvbit, bmi1, bmi2, adx, fma

Memory: 4k page, system-wide physical 16257M (905M free)
TotalPageFile size 32641M (AvailPageFile size 233M)
current process WorkingSet (physical memory assigned to process): 10M, peak: 10M
current process commit charge ("private bytes"): 65M, peak: 320M

vm_info: OpenJDK 64-Bit Server VM (11.0.18+10-LTS) for windows-amd64 JRE (11.0.18+10-LTS), built on Jan 10 2023 20:17:52 by "Administrator" with MS VC++ 15.9 (VS2017)

END.
